TN:
SF:src\tools\click-outside.js
FN:1,(anonymous_0)
FN:3,(anonymous_1)
FN:13,(anonymous_2)
FNF:3
FNH:1
FNDA:0,(anonymous_0)
FNDA:0,(anonymous_1)
FNDA:2,(anonymous_2)
DA:1,1
DA:2,0
DA:3,0
DA:4,0
DA:5,0
DA:7,0
DA:11,1
DA:14,2
LF:8
LH:3
BRDA:4,0,0,0
BRDA:4,0,1,0
BRDA:4,1,0,0
BRDA:4,1,1,0
BRF:4
BRH:0
end_of_record
TN:
SF:src\tools\svg.js
FN:1,(anonymous_0)
FN:1,n
FN:1,(anonymous_2)
FN:1,(anonymous_3)
FN:1,(anonymous_4)
FN:1,(anonymous_5)
FNF:6
FNH:3
FNDA:2,(anonymous_0)
FNDA:0,n
FNDA:2,(anonymous_2)
FNDA:2,(anonymous_3)
FNDA:0,(anonymous_4)
FNDA:0,(anonymous_5)
DA:1,2
LF:1
LH:1
BRDA:1,0,0,0
BRDA:1,0,1,2
BRDA:1,1,0,1
BRDA:1,1,1,1
BRDA:1,2,0,2
BRDA:1,2,1,2
BRDA:1,3,0,0
BRDA:1,3,1,0
BRDA:1,4,0,0
BRDA:1,4,1,0
BRDA:1,5,0,2
BRDA:1,5,1,2
BRDA:1,6,0,2
BRDA:1,6,1,0
BRDA:1,7,0,2
BRDA:1,7,1,0
BRDA:1,8,0,0
BRDA:1,8,1,2
BRDA:1,9,0,0
BRDA:1,9,1,0
BRDA:1,10,0,0
BRDA:1,10,1,0
BRF:22
BRH:10
end_of_record
TN:
SF:tests\unit\button.spec.js
FN:1,(anonymous_0)
FN:6,__webpack_require__
FN:37,(anonymous_2)
FN:44,(anonymous_3)
FN:56,(anonymous_4)
FN:63,(anonymous_5)
FN:68,(anonymous_6)
FN:70,getDefault
FN:71,getModuleExports
FN:77,(anonymous_9)
FN:94,(anonymous_10)
FN:106,(anonymous_11)
FN:117,(anonymous_12)
FN:129,(anonymous_13)
FN:141,(anonymous_14)
FN:153,(anonymous_15)
FN:165,(anonymous_16)
FN:176,(anonymous_17)
FN:187,(anonymous_18)
FN:198,(anonymous_19)
FN:209,(anonymous_20)
FN:220,(anonymous_21)
FN:231,(anonymous_22)
FN:242,(anonymous_23)
FN:253,(anonymous_24)
FN:264,(anonymous_25)
FN:275,(anonymous_26)
FN:286,(anonymous_27)
FN:297,(anonymous_28)
FN:308,(anonymous_29)
FN:319,(anonymous_30)
FN:330,(anonymous_31)
FN:341,(anonymous_32)
FN:352,(anonymous_33)
FN:363,(anonymous_34)
FN:374,(anonymous_35)
FN:385,(anonymous_36)
FN:396,(anonymous_37)
FN:407,(anonymous_38)
FN:418,(anonymous_39)
FN:429,(anonymous_40)
FN:440,(anonymous_41)
FN:451,(anonymous_42)
FN:462,(anonymous_43)
FN:473,(anonymous_44)
FN:484,(anonymous_45)
FN:495,(anonymous_46)
FN:506,(anonymous_47)
FN:517,(anonymous_48)
FN:529,(anonymous_49)
FN:540,(anonymous_50)
FN:551,(anonymous_51)
FN:562,(anonymous_52)
FN:573,(anonymous_53)
FN:584,(anonymous_54)
FN:596,(anonymous_55)
FN:607,(anonymous_56)
FN:618,(anonymous_57)
FN:629,(anonymous_58)
FN:640,(anonymous_59)
FN:651,(anonymous_60)
FN:662,(anonymous_61)
FN:673,(anonymous_62)
FN:684,(anonymous_63)
FN:695,(anonymous_64)
FN:706,(anonymous_65)
FN:717,(anonymous_66)
FN:728,(anonymous_67)
FN:739,(anonymous_68)
FN:750,(anonymous_69)
FN:761,(anonymous_70)
FN:772,(anonymous_71)
FN:783,(anonymous_72)
FN:794,(anonymous_73)
FN:805,(anonymous_74)
FN:816,(anonymous_75)
FN:827,(anonymous_76)
FN:838,(anonymous_77)
FN:849,(anonymous_78)
FN:860,(anonymous_79)
FN:871,(anonymous_80)
FN:882,(anonymous_81)
FN:893,(anonymous_82)
FN:904,(anonymous_83)
FN:915,(anonymous_84)
FN:926,(anonymous_85)
FN:937,(anonymous_86)
FN:948,(anonymous_87)
FN:959,(anonymous_88)
FN:970,(anonymous_89)
FN:981,(anonymous_90)
FN:993,(anonymous_91)
FN:1004,(anonymous_92)
FN:1015,(anonymous_93)
FN:1026,(anonymous_94)
FN:1037,(anonymous_95)
FN:1048,(anonymous_96)
FN:1059,(anonymous_97)
FN:1070,(anonymous_98)
FN:1081,(anonymous_99)
FN:1092,(anonymous_100)
FN:1103,(anonymous_101)
FN:1114,(anonymous_102)
FN:1125,(anonymous_103)
FN:1136,(anonymous_104)
FN:1147,(anonymous_105)
FN:1158,(anonymous_106)
FN:1169,(anonymous_107)
FN:1180,(anonymous_108)
FN:1192,(anonymous_109)
FN:1204,(anonymous_110)
FN:1215,(anonymous_111)
FN:1226,(anonymous_112)
FN:1237,(anonymous_113)
FN:1249,(anonymous_114)
FN:1261,(anonymous_115)
FN:1273,(anonymous_116)
FN:1284,(anonymous_117)
FN:1295,(anonymous_118)
FN:1307,(anonymous_119)
FN:1318,(anonymous_120)
FN:1330,(anonymous_121)
FN:1341,(anonymous_122)
FN:1352,(anonymous_123)
FN:1364,(anonymous_124)
FN:1376,(anonymous_125)
FN:1387,(anonymous_126)
FN:1399,(anonymous_127)
FN:1410,(anonymous_128)
FN:1421,(anonymous_129)
FN:1433,(anonymous_130)
FN:1445,(anonymous_131)
FN:1457,(anonymous_132)
FN:1469,(anonymous_133)
FN:1481,(anonymous_134)
FN:1493,(anonymous_135)
FN:1505,(anonymous_136)
FN:1517,(anonymous_137)
FN:1528,(anonymous_138)
FNF:139
FNH:134
FNDA:1,(anonymous_0)
FNDA:253,__webpack_require__
FNDA:18,(anonymous_2)
FNDA:17,(anonymous_3)
FNDA:0,(anonymous_4)
FNDA:0,(anonymous_5)
FNDA:7,(anonymous_6)
FNDA:0,getDefault
FNDA:0,getModuleExports
FNDA:18,(anonymous_9)
FNDA:1,(anonymous_10)
FNDA:1,(anonymous_11)
FNDA:1,(anonymous_12)
FNDA:1,(anonymous_13)
FNDA:1,(anonymous_14)
FNDA:1,(anonymous_15)
FNDA:1,(anonymous_16)
FNDA:1,(anonymous_17)
FNDA:1,(anonymous_18)
FNDA:1,(anonymous_19)
FNDA:1,(anonymous_20)
FNDA:1,(anonymous_21)
FNDA:1,(anonymous_22)
FNDA:1,(anonymous_23)
FNDA:1,(anonymous_24)
FNDA:1,(anonymous_25)
FNDA:1,(anonymous_26)
FNDA:1,(anonymous_27)
FNDA:1,(anonymous_28)
FNDA:1,(anonymous_29)
FNDA:1,(anonymous_30)
FNDA:1,(anonymous_31)
FNDA:1,(anonymous_32)
FNDA:1,(anonymous_33)
FNDA:1,(anonymous_34)
FNDA:1,(anonymous_35)
FNDA:1,(anonymous_36)
FNDA:1,(anonymous_37)
FNDA:1,(anonymous_38)
FNDA:1,(anonymous_39)
FNDA:1,(anonymous_40)
FNDA:1,(anonymous_41)
FNDA:1,(anonymous_42)
FNDA:1,(anonymous_43)
FNDA:1,(anonymous_44)
FNDA:1,(anonymous_45)
FNDA:1,(anonymous_46)
FNDA:1,(anonymous_47)
FNDA:1,(anonymous_48)
FNDA:1,(anonymous_49)
FNDA:1,(anonymous_50)
FNDA:1,(anonymous_51)
FNDA:1,(anonymous_52)
FNDA:1,(anonymous_53)
FNDA:1,(anonymous_54)
FNDA:1,(anonymous_55)
FNDA:1,(anonymous_56)
FNDA:1,(anonymous_57)
FNDA:1,(anonymous_58)
FNDA:1,(anonymous_59)
FNDA:1,(anonymous_60)
FNDA:1,(anonymous_61)
FNDA:1,(anonymous_62)
FNDA:1,(anonymous_63)
FNDA:1,(anonymous_64)
FNDA:1,(anonymous_65)
FNDA:1,(anonymous_66)
FNDA:1,(anonymous_67)
FNDA:1,(anonymous_68)
FNDA:1,(anonymous_69)
FNDA:1,(anonymous_70)
FNDA:1,(anonymous_71)
FNDA:1,(anonymous_72)
FNDA:1,(anonymous_73)
FNDA:1,(anonymous_74)
FNDA:1,(anonymous_75)
FNDA:1,(anonymous_76)
FNDA:1,(anonymous_77)
FNDA:1,(anonymous_78)
FNDA:1,(anonymous_79)
FNDA:1,(anonymous_80)
FNDA:1,(anonymous_81)
FNDA:1,(anonymous_82)
FNDA:1,(anonymous_83)
FNDA:1,(anonymous_84)
FNDA:1,(anonymous_85)
FNDA:1,(anonymous_86)
FNDA:1,(anonymous_87)
FNDA:1,(anonymous_88)
FNDA:1,(anonymous_89)
FNDA:1,(anonymous_90)
FNDA:1,(anonymous_91)
FNDA:1,(anonymous_92)
FNDA:1,(anonymous_93)
FNDA:1,(anonymous_94)
FNDA:1,(anonymous_95)
FNDA:1,(anonymous_96)
FNDA:1,(anonymous_97)
FNDA:1,(anonymous_98)
FNDA:1,(anonymous_99)
FNDA:1,(anonymous_100)
FNDA:1,(anonymous_101)
FNDA:1,(anonymous_102)
FNDA:1,(anonymous_103)
FNDA:1,(anonymous_104)
FNDA:1,(anonymous_105)
FNDA:1,(anonymous_106)
FNDA:1,(anonymous_107)
FNDA:1,(anonymous_108)
FNDA:1,(anonymous_109)
FNDA:1,(anonymous_110)
FNDA:1,(anonymous_111)
FNDA:1,(anonymous_112)
FNDA:1,(anonymous_113)
FNDA:1,(anonymous_114)
FNDA:1,(anonymous_115)
FNDA:1,(anonymous_116)
FNDA:0,(anonymous_117)
FNDA:1,(anonymous_118)
FNDA:1,(anonymous_119)
FNDA:1,(anonymous_120)
FNDA:1,(anonymous_121)
FNDA:1,(anonymous_122)
FNDA:1,(anonymous_123)
FNDA:1,(anonymous_124)
FNDA:1,(anonymous_125)
FNDA:1,(anonymous_126)
FNDA:1,(anonymous_127)
FNDA:1,(anonymous_128)
FNDA:1,(anonymous_129)
FNDA:1,(anonymous_130)
FNDA:1,(anonymous_131)
FNDA:1,(anonymous_132)
FNDA:1,(anonymous_133)
FNDA:1,(anonymous_134)
FNDA:1,(anonymous_135)
FNDA:1,(anonymous_136)
FNDA:1,(anonymous_137)
FNDA:1,(anonymous_138)
DA:1,1
DA:3,1
DA:9,253
DA:10,125
DA:13,128
DA:20,128
DA:23,128
DA:26,128
DA:31,1
DA:34,1
DA:37,1
DA:38,18
DA:39,18
DA:44,1
DA:45,17
DA:46,17
DA:48,17
DA:56,1
DA:57,0
DA:58,0
DA:59,0
DA:60,0
DA:61,0
DA:62,0
DA:63,0
DA:64,0
DA:68,1
DA:69,7
DA:70,0
DA:71,0
DA:72,7
DA:73,7
DA:77,18
DA:80,1
DA:84,1
DA:97,1
DA:108,1
DA:120,1
DA:132,1
DA:144,1
DA:156,1
DA:167,1
DA:178,1
DA:189,1
DA:200,1
DA:211,1
DA:222,1
DA:233,1
DA:244,1
DA:255,1
DA:266,1
DA:277,1
DA:288,1
DA:299,1
DA:310,1
DA:321,1
DA:332,1
DA:343,1
DA:354,1
DA:365,1
DA:376,1
DA:387,1
DA:398,1
DA:409,1
DA:420,1
DA:431,1
DA:442,1
DA:453,1
DA:464,1
DA:475,1
DA:486,1
DA:497,1
DA:508,1
DA:520,1
DA:531,1
DA:542,1
DA:553,1
DA:564,1
DA:575,1
DA:587,1
DA:598,1
DA:609,1
DA:620,1
DA:631,1
DA:642,1
DA:653,1
DA:664,1
DA:675,1
DA:686,1
DA:697,1
DA:708,1
DA:719,1
DA:730,1
DA:741,1
DA:752,1
DA:763,1
DA:774,1
DA:785,1
DA:796,1
DA:807,1
DA:818,1
DA:829,1
DA:840,1
DA:851,1
DA:862,1
DA:873,1
DA:884,1
DA:895,1
DA:906,1
DA:917,1
DA:928,1
DA:939,1
DA:950,1
DA:961,1
DA:972,1
DA:984,1
DA:995,1
DA:1006,1
DA:1017,1
DA:1028,1
DA:1039,1
DA:1050,1
DA:1061,1
DA:1072,1
DA:1083,1
DA:1094,1
DA:1105,1
DA:1116,1
DA:1127,1
DA:1138,1
DA:1149,1
DA:1160,1
DA:1171,1
DA:1183,1
DA:1195,1
DA:1206,1
DA:1217,1
DA:1228,1
DA:1240,1
DA:1252,1
DA:1264,1
DA:1275,1
DA:1286,0
DA:1298,1
DA:1309,1
DA:1321,1
DA:1332,1
DA:1343,1
DA:1355,1
DA:1367,1
DA:1378,1
DA:1390,1
DA:1401,1
DA:1412,1
DA:1424,1
DA:1436,1
DA:1448,1
DA:1460,1
DA:1472,1
DA:1484,1
DA:1496,1
DA:1508,1
DA:1519,1
DA:1531,1
LF:164
LH:153
BRDA:9,0,0,125
BRDA:9,0,1,128
BRDA:38,1,0,18
BRDA:38,1,1,0
BRDA:45,2,0,17
BRDA:45,2,1,0
BRDA:45,3,0,17
BRDA:45,3,1,17
BRDA:57,4,0,0
BRDA:57,4,1,0
BRDA:58,5,0,0
BRDA:58,5,1,0
BRDA:59,6,0,0
BRDA:59,6,1,0
BRDA:59,7,0,0
BRDA:59,7,1,0
BRDA:59,7,2,0
BRDA:59,7,3,0
BRDA:63,8,0,0
BRDA:63,8,1,0
BRDA:63,9,0,0
BRDA:63,9,1,0
BRDA:69,10,0,1
BRDA:69,10,1,6
BRDA:69,11,0,7
BRDA:69,11,1,7
BRF:26
BRH:10
end_of_record
TN:
SF:tests\unit\col.spec.js
FN:1,(anonymous_0)
FN:6,__webpack_require__
FN:37,(anonymous_2)
FN:44,(anonymous_3)
FN:56,(anonymous_4)
FN:63,(anonymous_5)
FN:68,(anonymous_6)
FN:70,getDefault
FN:71,getModuleExports
FN:77,(anonymous_9)
FN:94,(anonymous_10)
FN:106,(anonymous_11)
FN:117,(anonymous_12)
FN:129,(anonymous_13)
FN:141,(anonymous_14)
FN:152,(anonymous_15)
FN:163,(anonymous_16)
FN:174,(anonymous_17)
FN:185,(anonymous_18)
FN:196,(anonymous_19)
FN:207,(anonymous_20)
FN:218,(anonymous_21)
FN:229,(anonymous_22)
FN:240,(anonymous_23)
FN:251,(anonymous_24)
FN:262,(anonymous_25)
FN:273,(anonymous_26)
FN:284,(anonymous_27)
FN:295,(anonymous_28)
FN:306,(anonymous_29)
FN:317,(anonymous_30)
FN:328,(anonymous_31)
FN:339,(anonymous_32)
FN:350,(anonymous_33)
FN:361,(anonymous_34)
FN:372,(anonymous_35)
FN:383,(anonymous_36)
FN:394,(anonymous_37)
FN:405,(anonymous_38)
FN:416,(anonymous_39)
FN:427,(anonymous_40)
FN:438,(anonymous_41)
FN:449,(anonymous_42)
FN:460,(anonymous_43)
FN:471,(anonymous_44)
FN:482,(anonymous_45)
FN:493,(anonymous_46)
FN:505,(anonymous_47)
FN:516,(anonymous_48)
FN:527,(anonymous_49)
FN:538,(anonymous_50)
FN:549,(anonymous_51)
FN:561,(anonymous_52)
FN:572,(anonymous_53)
FN:583,(anonymous_54)
FN:595,(anonymous_55)
FN:606,(anonymous_56)
FN:617,(anonymous_57)
FN:628,(anonymous_58)
FN:639,(anonymous_59)
FN:650,(anonymous_60)
FN:661,(anonymous_61)
FN:672,(anonymous_62)
FN:683,(anonymous_63)
FN:694,(anonymous_64)
FN:705,(anonymous_65)
FN:716,(anonymous_66)
FN:727,(anonymous_67)
FN:738,(anonymous_68)
FN:749,(anonymous_69)
FN:760,(anonymous_70)
FN:771,(anonymous_71)
FN:782,(anonymous_72)
FN:793,(anonymous_73)
FN:804,(anonymous_74)
FN:815,(anonymous_75)
FN:826,(anonymous_76)
FN:837,(anonymous_77)
FN:848,(anonymous_78)
FN:859,(anonymous_79)
FN:870,(anonymous_80)
FN:881,(anonymous_81)
FN:892,(anonymous_82)
FN:903,(anonymous_83)
FN:914,(anonymous_84)
FN:925,(anonymous_85)
FN:936,(anonymous_86)
FN:947,(anonymous_87)
FN:958,(anonymous_88)
FN:969,(anonymous_89)
FN:980,(anonymous_90)
FN:991,(anonymous_91)
FN:1002,(anonymous_92)
FN:1014,(anonymous_93)
FN:1025,(anonymous_94)
FN:1036,(anonymous_95)
FN:1047,(anonymous_96)
FN:1058,(anonymous_97)
FN:1069,(anonymous_98)
FN:1080,(anonymous_99)
FN:1091,(anonymous_100)
FN:1102,(anonymous_101)
FN:1113,(anonymous_102)
FN:1124,(anonymous_103)
FN:1135,(anonymous_104)
FN:1146,(anonymous_105)
FN:1157,(anonymous_106)
FN:1168,(anonymous_107)
FN:1179,(anonymous_108)
FN:1190,(anonymous_109)
FN:1201,(anonymous_110)
FN:1212,(anonymous_111)
FN:1223,(anonymous_112)
FN:1234,(anonymous_113)
FN:1246,(anonymous_114)
FN:1258,(anonymous_115)
FN:1270,(anonymous_116)
FN:1281,(anonymous_117)
FN:1292,(anonymous_118)
FN:1303,(anonymous_119)
FN:1315,(anonymous_120)
FN:1327,(anonymous_121)
FN:1339,(anonymous_122)
FN:1350,(anonymous_123)
FN:1361,(anonymous_124)
FN:1373,(anonymous_125)
FN:1384,(anonymous_126)
FN:1396,(anonymous_127)
FN:1407,(anonymous_128)
FN:1419,(anonymous_129)
FN:1431,(anonymous_130)
FN:1442,(anonymous_131)
FN:1454,(anonymous_132)
FN:1465,(anonymous_133)
FN:1477,(anonymous_134)
FN:1489,(anonymous_135)
FN:1501,(anonymous_136)
FN:1513,(anonymous_137)
FNF:138
FNH:133
FNDA:1,(anonymous_0)
FNDA:270,__webpack_require__
FNDA:15,(anonymous_2)
FNDA:11,(anonymous_3)
FNDA:0,(anonymous_4)
FNDA:0,(anonymous_5)
FNDA:8,(anonymous_6)
FNDA:0,getDefault
FNDA:0,getModuleExports
FNDA:15,(anonymous_9)
FNDA:1,(anonymous_10)
FNDA:1,(anonymous_11)
FNDA:1,(anonymous_12)
FNDA:1,(anonymous_13)
FNDA:1,(anonymous_14)
FNDA:1,(anonymous_15)
FNDA:1,(anonymous_16)
FNDA:1,(anonymous_17)
FNDA:1,(anonymous_18)
FNDA:1,(anonymous_19)
FNDA:1,(anonymous_20)
FNDA:1,(anonymous_21)
FNDA:1,(anonymous_22)
FNDA:1,(anonymous_23)
FNDA:1,(anonymous_24)
FNDA:1,(anonymous_25)
FNDA:1,(anonymous_26)
FNDA:1,(anonymous_27)
FNDA:1,(anonymous_28)
FNDA:1,(anonymous_29)
FNDA:1,(anonymous_30)
FNDA:1,(anonymous_31)
FNDA:1,(anonymous_32)
FNDA:1,(anonymous_33)
FNDA:1,(anonymous_34)
FNDA:1,(anonymous_35)
FNDA:1,(anonymous_36)
FNDA:1,(anonymous_37)
FNDA:1,(anonymous_38)
FNDA:1,(anonymous_39)
FNDA:1,(anonymous_40)
FNDA:1,(anonymous_41)
FNDA:1,(anonymous_42)
FNDA:1,(anonymous_43)
FNDA:1,(anonymous_44)
FNDA:1,(anonymous_45)
FNDA:1,(anonymous_46)
FNDA:1,(anonymous_47)
FNDA:1,(anonymous_48)
FNDA:1,(anonymous_49)
FNDA:1,(anonymous_50)
FNDA:1,(anonymous_51)
FNDA:1,(anonymous_52)
FNDA:1,(anonymous_53)
FNDA:1,(anonymous_54)
FNDA:1,(anonymous_55)
FNDA:1,(anonymous_56)
FNDA:1,(anonymous_57)
FNDA:1,(anonymous_58)
FNDA:1,(anonymous_59)
FNDA:1,(anonymous_60)
FNDA:1,(anonymous_61)
FNDA:1,(anonymous_62)
FNDA:1,(anonymous_63)
FNDA:1,(anonymous_64)
FNDA:1,(anonymous_65)
FNDA:1,(anonymous_66)
FNDA:1,(anonymous_67)
FNDA:1,(anonymous_68)
FNDA:1,(anonymous_69)
FNDA:1,(anonymous_70)
FNDA:1,(anonymous_71)
FNDA:1,(anonymous_72)
FNDA:1,(anonymous_73)
FNDA:1,(anonymous_74)
FNDA:1,(anonymous_75)
FNDA:1,(anonymous_76)
FNDA:1,(anonymous_77)
FNDA:1,(anonymous_78)
FNDA:1,(anonymous_79)
FNDA:1,(anonymous_80)
FNDA:1,(anonymous_81)
FNDA:1,(anonymous_82)
FNDA:1,(anonymous_83)
FNDA:1,(anonymous_84)
FNDA:1,(anonymous_85)
FNDA:1,(anonymous_86)
FNDA:1,(anonymous_87)
FNDA:1,(anonymous_88)
FNDA:1,(anonymous_89)
FNDA:1,(anonymous_90)
FNDA:1,(anonymous_91)
FNDA:1,(anonymous_92)
FNDA:1,(anonymous_93)
FNDA:1,(anonymous_94)
FNDA:1,(anonymous_95)
FNDA:1,(anonymous_96)
FNDA:1,(anonymous_97)
FNDA:1,(anonymous_98)
FNDA:1,(anonymous_99)
FNDA:1,(anonymous_100)
FNDA:1,(anonymous_101)
FNDA:1,(anonymous_102)
FNDA:1,(anonymous_103)
FNDA:1,(anonymous_104)
FNDA:1,(anonymous_105)
FNDA:1,(anonymous_106)
FNDA:1,(anonymous_107)
FNDA:1,(anonymous_108)
FNDA:1,(anonymous_109)
FNDA:1,(anonymous_110)
FNDA:1,(anonymous_111)
FNDA:1,(anonymous_112)
FNDA:1,(anonymous_113)
FNDA:1,(anonymous_114)
FNDA:1,(anonymous_115)
FNDA:1,(anonymous_116)
FNDA:1,(anonymous_117)
FNDA:1,(anonymous_118)
FNDA:1,(anonymous_119)
FNDA:1,(anonymous_120)
FNDA:1,(anonymous_121)
FNDA:1,(anonymous_122)
FNDA:0,(anonymous_123)
FNDA:1,(anonymous_124)
FNDA:1,(anonymous_125)
FNDA:1,(anonymous_126)
FNDA:1,(anonymous_127)
FNDA:1,(anonymous_128)
FNDA:1,(anonymous_129)
FNDA:1,(anonymous_130)
FNDA:1,(anonymous_131)
FNDA:1,(anonymous_132)
FNDA:1,(anonymous_133)
FNDA:1,(anonymous_134)
FNDA:1,(anonymous_135)
FNDA:1,(anonymous_136)
FNDA:1,(anonymous_137)
DA:1,1
DA:3,1
DA:9,270
DA:10,143
DA:13,127
DA:20,127
DA:23,127
DA:26,127
DA:31,1
DA:34,1
DA:37,1
DA:38,15
DA:39,15
DA:44,1
DA:45,11
DA:46,11
DA:48,11
DA:56,1
DA:57,0
DA:58,0
DA:59,0
DA:60,0
DA:61,0
DA:62,0
DA:63,0
DA:64,0
DA:68,1
DA:69,8
DA:70,0
DA:71,0
DA:72,8
DA:73,8
DA:77,15
DA:80,1
DA:84,1
DA:97,1
DA:108,1
DA:120,1
DA:132,1
DA:143,1
DA:154,1
DA:165,1
DA:176,1
DA:187,1
DA:198,1
DA:209,1
DA:220,1
DA:231,1
DA:242,1
DA:253,1
DA:264,1
DA:275,1
DA:286,1
DA:297,1
DA:308,1
DA:319,1
DA:330,1
DA:341,1
DA:352,1
DA:363,1
DA:374,1
DA:385,1
DA:396,1
DA:407,1
DA:418,1
DA:429,1
DA:440,1
DA:451,1
DA:462,1
DA:473,1
DA:484,1
DA:496,1
DA:507,1
DA:518,1
DA:529,1
DA:540,1
DA:552,1
DA:563,1
DA:574,1
DA:586,1
DA:597,1
DA:608,1
DA:619,1
DA:630,1
DA:641,1
DA:652,1
DA:663,1
DA:674,1
DA:685,1
DA:696,1
DA:707,1
DA:718,1
DA:729,1
DA:740,1
DA:751,1
DA:762,1
DA:773,1
DA:784,1
DA:795,1
DA:806,1
DA:817,1
DA:828,1
DA:839,1
DA:850,1
DA:861,1
DA:872,1
DA:883,1
DA:894,1
DA:905,1
DA:916,1
DA:927,1
DA:938,1
DA:949,1
DA:960,1
DA:971,1
DA:982,1
DA:993,1
DA:1005,1
DA:1016,1
DA:1027,1
DA:1038,1
DA:1049,1
DA:1060,1
DA:1071,1
DA:1082,1
DA:1093,1
DA:1104,1
DA:1115,1
DA:1126,1
DA:1137,1
DA:1148,1
DA:1159,1
DA:1170,1
DA:1181,1
DA:1192,1
DA:1203,1
DA:1214,1
DA:1225,1
DA:1237,1
DA:1249,1
DA:1261,1
DA:1272,1
DA:1283,1
DA:1294,1
DA:1306,1
DA:1318,1
DA:1330,1
DA:1341,1
DA:1352,0
DA:1364,1
DA:1375,1
DA:1387,1
DA:1398,1
DA:1410,1
DA:1422,1
DA:1433,1
DA:1445,1
DA:1456,1
DA:1468,1
DA:1480,1
DA:1492,1
DA:1504,1
DA:1516,1
LF:163
LH:152
BRDA:9,0,0,143
BRDA:9,0,1,127
BRDA:38,1,0,15
BRDA:38,1,1,0
BRDA:45,2,0,11
BRDA:45,2,1,0
BRDA:45,3,0,11
BRDA:45,3,1,11
BRDA:57,4,0,0
BRDA:57,4,1,0
BRDA:58,5,0,0
BRDA:58,5,1,0
BRDA:59,6,0,0
BRDA:59,6,1,0
BRDA:59,7,0,0
BRDA:59,7,1,0
BRDA:59,7,2,0
BRDA:59,7,3,0
BRDA:63,8,0,0
BRDA:63,8,1,0
BRDA:63,9,0,0
BRDA:63,9,1,0
BRDA:69,10,0,1
BRDA:69,10,1,7
BRDA:69,11,0,8
BRDA:69,11,1,8
BRF:26
BRH:10
end_of_record
TN:
SF:tests\unit\collapse.spec.js
FN:1,(anonymous_0)
FN:6,__webpack_require__
FN:37,(anonymous_2)
FN:44,(anonymous_3)
FN:56,(anonymous_4)
FN:63,(anonymous_5)
FN:68,(anonymous_6)
FN:70,getDefault
FN:71,getModuleExports
FN:77,(anonymous_9)
FN:94,(anonymous_10)
FN:106,(anonymous_11)
FN:117,(anonymous_12)
FN:129,(anonymous_13)
FN:141,(anonymous_14)
FN:153,(anonymous_15)
FN:165,(anonymous_16)
FN:176,(anonymous_17)
FN:187,(anonymous_18)
FN:198,(anonymous_19)
FN:209,(anonymous_20)
FN:220,(anonymous_21)
FN:231,(anonymous_22)
FN:242,(anonymous_23)
FN:253,(anonymous_24)
FN:264,(anonymous_25)
FN:275,(anonymous_26)
FN:286,(anonymous_27)
FN:297,(anonymous_28)
FN:308,(anonymous_29)
FN:319,(anonymous_30)
FN:330,(anonymous_31)
FN:341,(anonymous_32)
FN:352,(anonymous_33)
FN:363,(anonymous_34)
FN:374,(anonymous_35)
FN:385,(anonymous_36)
FN:396,(anonymous_37)
FN:407,(anonymous_38)
FN:418,(anonymous_39)
FN:429,(anonymous_40)
FN:440,(anonymous_41)
FN:451,(anonymous_42)
FN:462,(anonymous_43)
FN:473,(anonymous_44)
FN:484,(anonymous_45)
FN:495,(anonymous_46)
FN:506,(anonymous_47)
FN:517,(anonymous_48)
FN:529,(anonymous_49)
FN:540,(anonymous_50)
FN:551,(anonymous_51)
FN:563,(anonymous_52)
FN:574,(anonymous_53)
FN:585,(anonymous_54)
FN:597,(anonymous_55)
FN:608,(anonymous_56)
FN:619,(anonymous_57)
FN:630,(anonymous_58)
FN:641,(anonymous_59)
FN:652,(anonymous_60)
FN:663,(anonymous_61)
FN:674,(anonymous_62)
FN:685,(anonymous_63)
FN:696,(anonymous_64)
FN:707,(anonymous_65)
FN:718,(anonymous_66)
FN:729,(anonymous_67)
FN:740,(anonymous_68)
FN:751,(anonymous_69)
FN:762,(anonymous_70)
FN:773,(anonymous_71)
FN:784,(anonymous_72)
FN:795,(anonymous_73)
FN:806,(anonymous_74)
FN:817,(anonymous_75)
FN:828,(anonymous_76)
FN:839,(anonymous_77)
FN:850,(anonymous_78)
FN:861,(anonymous_79)
FN:872,(anonymous_80)
FN:883,(anonymous_81)
FN:894,(anonymous_82)
FN:905,(anonymous_83)
FN:916,(anonymous_84)
FN:927,(anonymous_85)
FN:938,(anonymous_86)
FN:949,(anonymous_87)
FN:961,(anonymous_88)
FN:972,(anonymous_89)
FN:983,(anonymous_90)
FN:994,(anonymous_91)
FN:1005,(anonymous_92)
FN:1016,(anonymous_93)
FN:1027,(anonymous_94)
FN:1038,(anonymous_95)
FN:1049,(anonymous_96)
FN:1060,(anonymous_97)
FN:1071,(anonymous_98)
FN:1082,(anonymous_99)
FN:1093,(anonymous_100)
FN:1104,(anonymous_101)
FN:1115,(anonymous_102)
FN:1126,(anonymous_103)
FN:1137,(anonymous_104)
FN:1148,(anonymous_105)
FN:1160,(anonymous_106)
FN:1171,(anonymous_107)
FN:1182,(anonymous_108)
FN:1193,(anonymous_109)
FN:1204,(anonymous_110)
FN:1216,(anonymous_111)
FN:1228,(anonymous_112)
FN:1240,(anonymous_113)
FN:1251,(anonymous_114)
FN:1262,(anonymous_115)
FN:1274,(anonymous_116)
FN:1285,(anonymous_117)
FN:1297,(anonymous_118)
FN:1308,(anonymous_119)
FN:1319,(anonymous_120)
FN:1331,(anonymous_121)
FN:1343,(anonymous_122)
FN:1354,(anonymous_123)
FN:1366,(anonymous_124)
FN:1377,(anonymous_125)
FN:1389,(anonymous_126)
FN:1401,(anonymous_127)
FN:1413,(anonymous_128)
FN:1425,(anonymous_129)
FN:1437,(anonymous_130)
FN:1449,(anonymous_131)
FN:1461,(anonymous_132)
FN:1473,(anonymous_133)
FNF:134
FNH:129
FNDA:1,(anonymous_0)
FNDA:236,__webpack_require__
FNDA:18,(anonymous_2)
FNDA:17,(anonymous_3)
FNDA:0,(anonymous_4)
FNDA:0,(anonymous_5)
FNDA:7,(anonymous_6)
FNDA:0,getDefault
FNDA:0,getModuleExports
FNDA:18,(anonymous_9)
FNDA:1,(anonymous_10)
FNDA:1,(anonymous_11)
FNDA:1,(anonymous_12)
FNDA:1,(anonymous_13)
FNDA:1,(anonymous_14)
FNDA:1,(anonymous_15)
FNDA:1,(anonymous_16)
FNDA:1,(anonymous_17)
FNDA:1,(anonymous_18)
FNDA:1,(anonymous_19)
FNDA:1,(anonymous_20)
FNDA:1,(anonymous_21)
FNDA:1,(anonymous_22)
FNDA:1,(anonymous_23)
FNDA:1,(anonymous_24)
FNDA:1,(anonymous_25)
FNDA:1,(anonymous_26)
FNDA:1,(anonymous_27)
FNDA:1,(anonymous_28)
FNDA:1,(anonymous_29)
FNDA:1,(anonymous_30)
FNDA:1,(anonymous_31)
FNDA:1,(anonymous_32)
FNDA:1,(anonymous_33)
FNDA:1,(anonymous_34)
FNDA:1,(anonymous_35)
FNDA:1,(anonymous_36)
FNDA:1,(anonymous_37)
FNDA:1,(anonymous_38)
FNDA:1,(anonymous_39)
FNDA:1,(anonymous_40)
FNDA:1,(anonymous_41)
FNDA:1,(anonymous_42)
FNDA:1,(anonymous_43)
FNDA:1,(anonymous_44)
FNDA:1,(anonymous_45)
FNDA:1,(anonymous_46)
FNDA:1,(anonymous_47)
FNDA:1,(anonymous_48)
FNDA:1,(anonymous_49)
FNDA:1,(anonymous_50)
FNDA:1,(anonymous_51)
FNDA:1,(anonymous_52)
FNDA:1,(anonymous_53)
FNDA:1,(anonymous_54)
FNDA:1,(anonymous_55)
FNDA:1,(anonymous_56)
FNDA:1,(anonymous_57)
FNDA:1,(anonymous_58)
FNDA:1,(anonymous_59)
FNDA:1,(anonymous_60)
FNDA:1,(anonymous_61)
FNDA:1,(anonymous_62)
FNDA:1,(anonymous_63)
FNDA:1,(anonymous_64)
FNDA:1,(anonymous_65)
FNDA:1,(anonymous_66)
FNDA:1,(anonymous_67)
FNDA:1,(anonymous_68)
FNDA:1,(anonymous_69)
FNDA:1,(anonymous_70)
FNDA:1,(anonymous_71)
FNDA:1,(anonymous_72)
FNDA:1,(anonymous_73)
FNDA:1,(anonymous_74)
FNDA:1,(anonymous_75)
FNDA:1,(anonymous_76)
FNDA:1,(anonymous_77)
FNDA:1,(anonymous_78)
FNDA:1,(anonymous_79)
FNDA:1,(anonymous_80)
FNDA:1,(anonymous_81)
FNDA:1,(anonymous_82)
FNDA:1,(anonymous_83)
FNDA:1,(anonymous_84)
FNDA:1,(anonymous_85)
FNDA:1,(anonymous_86)
FNDA:1,(anonymous_87)
FNDA:1,(anonymous_88)
FNDA:1,(anonymous_89)
FNDA:1,(anonymous_90)
FNDA:1,(anonymous_91)
FNDA:1,(anonymous_92)
FNDA:1,(anonymous_93)
FNDA:1,(anonymous_94)
FNDA:1,(anonymous_95)
FNDA:1,(anonymous_96)
FNDA:1,(anonymous_97)
FNDA:1,(anonymous_98)
FNDA:1,(anonymous_99)
FNDA:1,(anonymous_100)
FNDA:1,(anonymous_101)
FNDA:1,(anonymous_102)
FNDA:1,(anonymous_103)
FNDA:1,(anonymous_104)
FNDA:1,(anonymous_105)
FNDA:1,(anonymous_106)
FNDA:1,(anonymous_107)
FNDA:1,(anonymous_108)
FNDA:1,(anonymous_109)
FNDA:1,(anonymous_110)
FNDA:1,(anonymous_111)
FNDA:1,(anonymous_112)
FNDA:1,(anonymous_113)
FNDA:0,(anonymous_114)
FNDA:1,(anonymous_115)
FNDA:1,(anonymous_116)
FNDA:1,(anonymous_117)
FNDA:1,(anonymous_118)
FNDA:1,(anonymous_119)
FNDA:1,(anonymous_120)
FNDA:1,(anonymous_121)
FNDA:1,(anonymous_122)
FNDA:1,(anonymous_123)
FNDA:1,(anonymous_124)
FNDA:1,(anonymous_125)
FNDA:1,(anonymous_126)
FNDA:1,(anonymous_127)
FNDA:1,(anonymous_128)
FNDA:1,(anonymous_129)
FNDA:1,(anonymous_130)
FNDA:1,(anonymous_131)
FNDA:1,(anonymous_132)
FNDA:1,(anonymous_133)
DA:1,1
DA:3,1
DA:9,236
DA:10,113
DA:13,123
DA:20,123
DA:23,123
DA:26,123
DA:31,1
DA:34,1
DA:37,1
DA:38,18
DA:39,18
DA:44,1
DA:45,17
DA:46,17
DA:48,17
DA:56,1
DA:57,0
DA:58,0
DA:59,0
DA:60,0
DA:61,0
DA:62,0
DA:63,0
DA:64,0
DA:68,1
DA:69,7
DA:70,0
DA:71,0
DA:72,7
DA:73,7
DA:77,18
DA:80,1
DA:84,1
DA:97,1
DA:108,1
DA:120,1
DA:132,1
DA:144,1
DA:156,1
DA:167,1
DA:178,1
DA:189,1
DA:200,1
DA:211,1
DA:222,1
DA:233,1
DA:244,1
DA:255,1
DA:266,1
DA:277,1
DA:288,1
DA:299,1
DA:310,1
DA:321,1
DA:332,1
DA:343,1
DA:354,1
DA:365,1
DA:376,1
DA:387,1
DA:398,1
DA:409,1
DA:420,1
DA:431,1
DA:442,1
DA:453,1
DA:464,1
DA:475,1
DA:486,1
DA:497,1
DA:508,1
DA:520,1
DA:531,1
DA:542,1
DA:554,1
DA:565,1
DA:576,1
DA:588,1
DA:599,1
DA:610,1
DA:621,1
DA:632,1
DA:643,1
DA:654,1
DA:665,1
DA:676,1
DA:687,1
DA:698,1
DA:709,1
DA:720,1
DA:731,1
DA:742,1
DA:753,1
DA:764,1
DA:775,1
DA:786,1
DA:797,1
DA:808,1
DA:819,1
DA:830,1
DA:841,1
DA:852,1
DA:863,1
DA:874,1
DA:885,1
DA:896,1
DA:907,1
DA:918,1
DA:929,1
DA:940,1
DA:952,1
DA:963,1
DA:974,1
DA:985,1
DA:996,1
DA:1007,1
DA:1018,1
DA:1029,1
DA:1040,1
DA:1051,1
DA:1062,1
DA:1073,1
DA:1084,1
DA:1095,1
DA:1106,1
DA:1117,1
DA:1128,1
DA:1139,1
DA:1151,1
DA:1162,1
DA:1173,1
DA:1184,1
DA:1195,1
DA:1207,1
DA:1219,1
DA:1231,1
DA:1242,1
DA:1253,0
DA:1265,1
DA:1276,1
DA:1288,1
DA:1299,1
DA:1310,1
DA:1322,1
DA:1334,1
DA:1345,1
DA:1357,1
DA:1368,1
DA:1380,1
DA:1392,1
DA:1404,1
DA:1416,1
DA:1428,1
DA:1440,1
DA:1452,1
DA:1464,1
DA:1476,1
LF:159
LH:148
BRDA:9,0,0,113
BRDA:9,0,1,123
BRDA:38,1,0,18
BRDA:38,1,1,0
BRDA:45,2,0,17
BRDA:45,2,1,0
BRDA:45,3,0,17
BRDA:45,3,1,17
BRDA:57,4,0,0
BRDA:57,4,1,0
BRDA:58,5,0,0
BRDA:58,5,1,0
BRDA:59,6,0,0
BRDA:59,6,1,0
BRDA:59,7,0,0
BRDA:59,7,1,0
BRDA:59,7,2,0
BRDA:59,7,3,0
BRDA:63,8,0,0
BRDA:63,8,1,0
BRDA:63,9,0,0
BRDA:63,9,1,0
BRDA:69,10,0,1
BRDA:69,10,1,6
BRDA:69,11,0,7
BRDA:69,11,1,7
BRF:26
BRH:10
end_of_record
TN:
SF:tests\unit\nav.spec.js
FN:1,(anonymous_0)
FN:6,__webpack_require__
FN:37,(anonymous_2)
FN:44,(anonymous_3)
FN:56,(anonymous_4)
FN:63,(anonymous_5)
FN:68,(anonymous_6)
FN:70,getDefault
FN:71,getModuleExports
FN:77,(anonymous_9)
FN:94,(anonymous_10)
FN:106,(anonymous_11)
FN:118,(anonymous_12)
FN:130,(anonymous_13)
FN:142,(anonymous_14)
FN:154,(anonymous_15)
FN:166,(anonymous_16)
FN:178,(anonymous_17)
FN:190,(anonymous_18)
FN:202,(anonymous_19)
FN:214,(anonymous_20)
FN:226,(anonymous_21)
FN:238,(anonymous_22)
FN:250,(anonymous_23)
FN:262,(anonymous_24)
FN:274,(anonymous_25)
FN:286,(anonymous_26)
FN:298,(anonymous_27)
FN:310,(anonymous_28)
FN:321,(anonymous_29)
FN:333,(anonymous_30)
FN:345,(anonymous_31)
FN:357,(anonymous_32)
FN:369,(anonymous_33)
FN:381,(anonymous_34)
FN:393,(anonymous_35)
FN:405,(anonymous_36)
FN:417,(anonymous_37)
FN:429,(anonymous_38)
FN:441,(anonymous_39)
FN:453,(anonymous_40)
FN:465,(anonymous_41)
FN:477,(anonymous_42)
FN:489,(anonymous_43)
FN:501,(anonymous_44)
FN:513,(anonymous_45)
FN:525,(anonymous_46)
FN:537,(anonymous_47)
FN:549,(anonymous_48)
FN:561,(anonymous_49)
FN:573,(anonymous_50)
FN:585,(anonymous_51)
FN:597,(anonymous_52)
FN:609,(anonymous_53)
FN:621,(anonymous_54)
FN:633,(anonymous_55)
FN:645,(anonymous_56)
FN:657,(anonymous_57)
FN:668,(anonymous_58)
FN:680,(anonymous_59)
FN:692,(anonymous_60)
FN:704,(anonymous_61)
FN:716,(anonymous_62)
FN:728,(anonymous_63)
FN:740,(anonymous_64)
FN:752,(anonymous_65)
FN:764,(anonymous_66)
FN:775,(anonymous_67)
FN:786,(anonymous_68)
FN:797,(anonymous_69)
FN:808,(anonymous_70)
FN:819,(anonymous_71)
FN:830,(anonymous_72)
FN:841,(anonymous_73)
FN:852,(anonymous_74)
FN:863,(anonymous_75)
FN:874,(anonymous_76)
FN:885,(anonymous_77)
FN:896,(anonymous_78)
FN:907,(anonymous_79)
FN:918,(anonymous_80)
FN:929,(anonymous_81)
FN:940,(anonymous_82)
FN:951,(anonymous_83)
FN:962,(anonymous_84)
FN:973,(anonymous_85)
FN:984,(anonymous_86)
FN:995,(anonymous_87)
FN:1006,(anonymous_88)
FN:1017,(anonymous_89)
FN:1028,(anonymous_90)
FN:1039,(anonymous_91)
FN:1050,(anonymous_92)
FN:1061,(anonymous_93)
FN:1072,(anonymous_94)
FN:1083,(anonymous_95)
FN:1094,(anonymous_96)
FN:1105,(anonymous_97)
FN:1116,(anonymous_98)
FN:1128,(anonymous_99)
FN:1139,(anonymous_100)
FN:1150,(anonymous_101)
FN:1161,(anonymous_102)
FN:1173,(anonymous_103)
FN:1184,(anonymous_104)
FN:1195,(anonymous_105)
FN:1207,(anonymous_106)
FN:1218,(anonymous_107)
FN:1229,(anonymous_108)
FN:1240,(anonymous_109)
FN:1251,(anonymous_110)
FN:1262,(anonymous_111)
FN:1273,(anonymous_112)
FN:1284,(anonymous_113)
FN:1295,(anonymous_114)
FN:1306,(anonymous_115)
FN:1317,(anonymous_116)
FN:1328,(anonymous_117)
FN:1339,(anonymous_118)
FN:1350,(anonymous_119)
FN:1361,(anonymous_120)
FN:1372,(anonymous_121)
FN:1383,(anonymous_122)
FN:1394,(anonymous_123)
FN:1405,(anonymous_124)
FN:1416,(anonymous_125)
FN:1427,(anonymous_126)
FN:1438,(anonymous_127)
FN:1449,(anonymous_128)
FN:1460,(anonymous_129)
FN:1471,(anonymous_130)
FN:1482,(anonymous_131)
FN:1493,(anonymous_132)
FN:1504,(anonymous_133)
FN:1515,(anonymous_134)
FN:1526,(anonymous_135)
FN:1537,(anonymous_136)
FN:1548,(anonymous_137)
FN:1559,(anonymous_138)
FN:1570,(anonymous_139)
FN:1581,(anonymous_140)
FN:1592,(anonymous_141)
FN:1603,(anonymous_142)
FN:1615,(anonymous_143)
FN:1626,(anonymous_144)
FN:1637,(anonymous_145)
FN:1648,(anonymous_146)
FN:1659,(anonymous_147)
FN:1670,(anonymous_148)
FN:1681,(anonymous_149)
FN:1692,(anonymous_150)
FN:1703,(anonymous_151)
FN:1714,(anonymous_152)
FN:1725,(anonymous_153)
FN:1736,(anonymous_154)
FN:1747,(anonymous_155)
FN:1758,(anonymous_156)
FN:1769,(anonymous_157)
FN:1780,(anonymous_158)
FN:1791,(anonymous_159)
FN:1802,(anonymous_160)
FN:1814,(anonymous_161)
FN:1826,(anonymous_162)
FN:1838,(anonymous_163)
FN:1849,(anonymous_164)
FN:1860,(anonymous_165)
FN:1871,(anonymous_166)
FN:1882,(anonymous_167)
FN:1893,(anonymous_168)
FN:1904,(anonymous_169)
FN:1916,(anonymous_170)
FN:1928,(anonymous_171)
FN:1939,(anonymous_172)
FN:1951,(anonymous_173)
FN:1962,(anonymous_174)
FN:1973,(anonymous_175)
FN:1984,(anonymous_176)
FN:1995,(anonymous_177)
FN:2007,(anonymous_178)
FN:2019,(anonymous_179)
FN:2031,(anonymous_180)
FN:2043,(anonymous_181)
FN:2055,(anonymous_182)
FN:2067,(anonymous_183)
FN:2079,(anonymous_184)
FN:2091,(anonymous_185)
FN:2103,(anonymous_186)
FN:2115,(anonymous_187)
FN:2127,(anonymous_188)
FN:2139,(anonymous_189)
FN:2151,(anonymous_190)
FN:2163,(anonymous_191)
FN:2175,(anonymous_192)
FN:2187,(anonymous_193)
FN:2199,(anonymous_194)
FN:2211,(anonymous_195)
FN:2223,(anonymous_196)
FN:2235,(anonymous_197)
FN:2247,(anonymous_198)
FN:2259,(anonymous_199)
FN:2271,(anonymous_200)
FN:2283,(anonymous_201)
FN:2295,(anonymous_202)
FN:2307,(anonymous_203)
FN:2319,(anonymous_204)
FN:2331,(anonymous_205)
FN:2343,(anonymous_206)
FN:2355,(anonymous_207)
FN:2367,(anonymous_208)
FN:2379,(anonymous_209)
FN:2391,(anonymous_210)
FN:2403,(anonymous_211)
FN:2415,(anonymous_212)
FN:2427,(anonymous_213)
FN:2439,(anonymous_214)
FN:2451,(anonymous_215)
FN:2463,(anonymous_216)
FN:2474,(anonymous_217)
FN:2486,(anonymous_218)
FN:2497,(anonymous_219)
FN:2508,(anonymous_220)
FN:2519,(anonymous_221)
FN:2530,(anonymous_222)
FN:2542,(anonymous_223)
FN:2554,(anonymous_224)
FN:2565,(anonymous_225)
FN:2577,(anonymous_226)
FN:2588,(anonymous_227)
FN:2600,(anonymous_228)
FN:2612,(anonymous_229)
FN:2624,(anonymous_230)
FN:2636,(anonymous_231)
FN:2648,(anonymous_232)
FN:2660,(anonymous_233)
FN:2672,(anonymous_234)
FN:2684,(anonymous_235)
FN:2696,(anonymous_236)
FN:2708,(anonymous_237)
FN:2720,(anonymous_238)
FN:2732,(anonymous_239)
FN:2744,(anonymous_240)
FN:2756,(anonymous_241)
FN:2768,(anonymous_242)
FN:2780,(anonymous_243)
FN:2792,(anonymous_244)
FN:2803,(anonymous_245)
FNF:246
FNH:242
FNDA:1,(anonymous_0)
FNDA:549,__webpack_require__
FNDA:34,(anonymous_2)
FNDA:30,(anonymous_3)
FNDA:0,(anonymous_4)
FNDA:0,(anonymous_5)
FNDA:15,(anonymous_6)
FNDA:0,getDefault
FNDA:1,getModuleExports
FNDA:34,(anonymous_9)
FNDA:1,(anonymous_10)
FNDA:1,(anonymous_11)
FNDA:1,(anonymous_12)
FNDA:1,(anonymous_13)
FNDA:1,(anonymous_14)
FNDA:1,(anonymous_15)
FNDA:1,(anonymous_16)
FNDA:1,(anonymous_17)
FNDA:1,(anonymous_18)
FNDA:1,(anonymous_19)
FNDA:1,(anonymous_20)
FNDA:1,(anonymous_21)
FNDA:1,(anonymous_22)
FNDA:1,(anonymous_23)
FNDA:1,(anonymous_24)
FNDA:1,(anonymous_25)
FNDA:1,(anonymous_26)
FNDA:1,(anonymous_27)
FNDA:1,(anonymous_28)
FNDA:1,(anonymous_29)
FNDA:1,(anonymous_30)
FNDA:1,(anonymous_31)
FNDA:1,(anonymous_32)
FNDA:1,(anonymous_33)
FNDA:1,(anonymous_34)
FNDA:1,(anonymous_35)
FNDA:1,(anonymous_36)
FNDA:1,(anonymous_37)
FNDA:1,(anonymous_38)
FNDA:1,(anonymous_39)
FNDA:1,(anonymous_40)
FNDA:1,(anonymous_41)
FNDA:1,(anonymous_42)
FNDA:1,(anonymous_43)
FNDA:1,(anonymous_44)
FNDA:1,(anonymous_45)
FNDA:1,(anonymous_46)
FNDA:1,(anonymous_47)
FNDA:1,(anonymous_48)
FNDA:1,(anonymous_49)
FNDA:1,(anonymous_50)
FNDA:1,(anonymous_51)
FNDA:1,(anonymous_52)
FNDA:1,(anonymous_53)
FNDA:1,(anonymous_54)
FNDA:1,(anonymous_55)
FNDA:1,(anonymous_56)
FNDA:1,(anonymous_57)
FNDA:1,(anonymous_58)
FNDA:1,(anonymous_59)
FNDA:1,(anonymous_60)
FNDA:1,(anonymous_61)
FNDA:1,(anonymous_62)
FNDA:1,(anonymous_63)
FNDA:1,(anonymous_64)
FNDA:1,(anonymous_65)
FNDA:1,(anonymous_66)
FNDA:1,(anonymous_67)
FNDA:1,(anonymous_68)
FNDA:1,(anonymous_69)
FNDA:1,(anonymous_70)
FNDA:1,(anonymous_71)
FNDA:1,(anonymous_72)
FNDA:1,(anonymous_73)
FNDA:1,(anonymous_74)
FNDA:1,(anonymous_75)
FNDA:1,(anonymous_76)
FNDA:1,(anonymous_77)
FNDA:1,(anonymous_78)
FNDA:1,(anonymous_79)
FNDA:1,(anonymous_80)
FNDA:1,(anonymous_81)
FNDA:1,(anonymous_82)
FNDA:1,(anonymous_83)
FNDA:1,(anonymous_84)
FNDA:1,(anonymous_85)
FNDA:1,(anonymous_86)
FNDA:1,(anonymous_87)
FNDA:1,(anonymous_88)
FNDA:1,(anonymous_89)
FNDA:1,(anonymous_90)
FNDA:1,(anonymous_91)
FNDA:1,(anonymous_92)
FNDA:1,(anonymous_93)
FNDA:1,(anonymous_94)
FNDA:1,(anonymous_95)
FNDA:1,(anonymous_96)
FNDA:1,(anonymous_97)
FNDA:1,(anonymous_98)
FNDA:1,(anonymous_99)
FNDA:1,(anonymous_100)
FNDA:1,(anonymous_101)
FNDA:1,(anonymous_102)
FNDA:1,(anonymous_103)
FNDA:1,(anonymous_104)
FNDA:1,(anonymous_105)
FNDA:1,(anonymous_106)
FNDA:1,(anonymous_107)
FNDA:1,(anonymous_108)
FNDA:1,(anonymous_109)
FNDA:1,(anonymous_110)
FNDA:1,(anonymous_111)
FNDA:1,(anonymous_112)
FNDA:1,(anonymous_113)
FNDA:1,(anonymous_114)
FNDA:1,(anonymous_115)
FNDA:1,(anonymous_116)
FNDA:1,(anonymous_117)
FNDA:1,(anonymous_118)
FNDA:1,(anonymous_119)
FNDA:1,(anonymous_120)
FNDA:1,(anonymous_121)
FNDA:1,(anonymous_122)
FNDA:1,(anonymous_123)
FNDA:1,(anonymous_124)
FNDA:1,(anonymous_125)
FNDA:1,(anonymous_126)
FNDA:1,(anonymous_127)
FNDA:1,(anonymous_128)
FNDA:1,(anonymous_129)
FNDA:1,(anonymous_130)
FNDA:1,(anonymous_131)
FNDA:1,(anonymous_132)
FNDA:1,(anonymous_133)
FNDA:1,(anonymous_134)
FNDA:1,(anonymous_135)
FNDA:1,(anonymous_136)
FNDA:1,(anonymous_137)
FNDA:1,(anonymous_138)
FNDA:1,(anonymous_139)
FNDA:1,(anonymous_140)
FNDA:1,(anonymous_141)
FNDA:1,(anonymous_142)
FNDA:1,(anonymous_143)
FNDA:1,(anonymous_144)
FNDA:1,(anonymous_145)
FNDA:1,(anonymous_146)
FNDA:1,(anonymous_147)
FNDA:1,(anonymous_148)
FNDA:1,(anonymous_149)
FNDA:1,(anonymous_150)
FNDA:1,(anonymous_151)
FNDA:1,(anonymous_152)
FNDA:1,(anonymous_153)
FNDA:1,(anonymous_154)
FNDA:1,(anonymous_155)
FNDA:1,(anonymous_156)
FNDA:1,(anonymous_157)
FNDA:1,(anonymous_158)
FNDA:1,(anonymous_159)
FNDA:1,(anonymous_160)
FNDA:1,(anonymous_161)
FNDA:1,(anonymous_162)
FNDA:1,(anonymous_163)
FNDA:1,(anonymous_164)
FNDA:1,(anonymous_165)
FNDA:1,(anonymous_166)
FNDA:1,(anonymous_167)
FNDA:1,(anonymous_168)
FNDA:1,(anonymous_169)
FNDA:1,(anonymous_170)
FNDA:1,(anonymous_171)
FNDA:1,(anonymous_172)
FNDA:1,(anonymous_173)
FNDA:1,(anonymous_174)
FNDA:1,(anonymous_175)
FNDA:0,(anonymous_176)
FNDA:1,(anonymous_177)
FNDA:1,(anonymous_178)
FNDA:1,(anonymous_179)
FNDA:1,(anonymous_180)
FNDA:1,(anonymous_181)
FNDA:1,(anonymous_182)
FNDA:1,(anonymous_183)
FNDA:1,(anonymous_184)
FNDA:1,(anonymous_185)
FNDA:1,(anonymous_186)
FNDA:1,(anonymous_187)
FNDA:1,(anonymous_188)
FNDA:1,(anonymous_189)
FNDA:1,(anonymous_190)
FNDA:1,(anonymous_191)
FNDA:1,(anonymous_192)
FNDA:1,(anonymous_193)
FNDA:1,(anonymous_194)
FNDA:1,(anonymous_195)
FNDA:1,(anonymous_196)
FNDA:1,(anonymous_197)
FNDA:1,(anonymous_198)
FNDA:1,(anonymous_199)
FNDA:1,(anonymous_200)
FNDA:1,(anonymous_201)
FNDA:1,(anonymous_202)
FNDA:1,(anonymous_203)
FNDA:1,(anonymous_204)
FNDA:1,(anonymous_205)
FNDA:1,(anonymous_206)
FNDA:1,(anonymous_207)
FNDA:1,(anonymous_208)
FNDA:1,(anonymous_209)
FNDA:1,(anonymous_210)
FNDA:1,(anonymous_211)
FNDA:1,(anonymous_212)
FNDA:1,(anonymous_213)
FNDA:1,(anonymous_214)
FNDA:1,(anonymous_215)
FNDA:1,(anonymous_216)
FNDA:1,(anonymous_217)
FNDA:1,(anonymous_218)
FNDA:1,(anonymous_219)
FNDA:1,(anonymous_220)
FNDA:1,(anonymous_221)
FNDA:1,(anonymous_222)
FNDA:1,(anonymous_223)
FNDA:1,(anonymous_224)
FNDA:1,(anonymous_225)
FNDA:1,(anonymous_226)
FNDA:1,(anonymous_227)
FNDA:1,(anonymous_228)
FNDA:1,(anonymous_229)
FNDA:1,(anonymous_230)
FNDA:1,(anonymous_231)
FNDA:1,(anonymous_232)
FNDA:1,(anonymous_233)
FNDA:1,(anonymous_234)
FNDA:1,(anonymous_235)
FNDA:1,(anonymous_236)
FNDA:1,(anonymous_237)
FNDA:1,(anonymous_238)
FNDA:1,(anonymous_239)
FNDA:1,(anonymous_240)
FNDA:1,(anonymous_241)
FNDA:1,(anonymous_242)
FNDA:1,(anonymous_243)
FNDA:1,(anonymous_244)
FNDA:1,(anonymous_245)
DA:1,1
DA:3,1
DA:9,549
DA:10,314
DA:13,235
DA:20,235
DA:23,235
DA:26,235
DA:31,1
DA:34,1
DA:37,1
DA:38,34
DA:39,34
DA:44,1
DA:45,30
DA:46,30
DA:48,30
DA:56,1
DA:57,0
DA:58,0
DA:59,0
DA:60,0
DA:61,0
DA:62,0
DA:63,0
DA:64,0
DA:68,1
DA:69,15
DA:70,0
DA:71,1
DA:72,15
DA:73,15
DA:77,34
DA:80,1
DA:84,1
DA:97,1
DA:109,1
DA:121,1
DA:133,1
DA:145,1
DA:157,1
DA:169,1
DA:181,1
DA:193,1
DA:205,1
DA:217,1
DA:229,1
DA:241,1
DA:253,1
DA:265,1
DA:277,1
DA:289,1
DA:301,1
DA:312,1
DA:324,1
DA:336,1
DA:348,1
DA:360,1
DA:372,1
DA:384,1
DA:396,1
DA:408,1
DA:420,1
DA:432,1
DA:444,1
DA:456,1
DA:468,1
DA:480,1
DA:492,1
DA:504,1
DA:516,1
DA:528,1
DA:540,1
DA:552,1
DA:564,1
DA:576,1
DA:588,1
DA:600,1
DA:612,1
DA:624,1
DA:636,1
DA:648,1
DA:659,1
DA:671,1
DA:683,1
DA:695,1
DA:707,1
DA:719,1
DA:731,1
DA:743,1
DA:755,1
DA:766,1
DA:777,1
DA:788,1
DA:799,1
DA:810,1
DA:821,1
DA:832,1
DA:843,1
DA:854,1
DA:865,1
DA:876,1
DA:887,1
DA:898,1
DA:909,1
DA:920,1
DA:931,1
DA:942,1
DA:953,1
DA:964,1
DA:975,1
DA:986,1
DA:997,1
DA:1008,1
DA:1019,1
DA:1030,1
DA:1041,1
DA:1052,1
DA:1063,1
DA:1074,1
DA:1085,1
DA:1096,1
DA:1107,1
DA:1119,1
DA:1130,1
DA:1141,1
DA:1152,1
DA:1164,1
DA:1175,1
DA:1186,1
DA:1198,1
DA:1209,1
DA:1220,1
DA:1231,1
DA:1242,1
DA:1253,1
DA:1264,1
DA:1275,1
DA:1286,1
DA:1297,1
DA:1308,1
DA:1319,1
DA:1330,1
DA:1341,1
DA:1352,1
DA:1363,1
DA:1374,1
DA:1385,1
DA:1396,1
DA:1407,1
DA:1418,1
DA:1429,1
DA:1440,1
DA:1451,1
DA:1462,1
DA:1473,1
DA:1484,1
DA:1495,1
DA:1506,1
DA:1517,1
DA:1528,1
DA:1539,1
DA:1550,1
DA:1561,1
DA:1572,1
DA:1583,1
DA:1594,1
DA:1606,1
DA:1617,1
DA:1628,1
DA:1639,1
DA:1650,1
DA:1661,1
DA:1672,1
DA:1683,1
DA:1694,1
DA:1705,1
DA:1716,1
DA:1727,1
DA:1738,1
DA:1749,1
DA:1760,1
DA:1771,1
DA:1782,1
DA:1793,1
DA:1805,1
DA:1817,1
DA:1829,1
DA:1840,1
DA:1851,1
DA:1862,1
DA:1873,1
DA:1884,1
DA:1895,1
DA:1907,1
DA:1919,1
DA:1930,1
DA:1942,1
DA:1953,1
DA:1964,1
DA:1975,1
DA:1986,0
DA:1998,1
DA:2010,1
DA:2022,1
DA:2034,1
DA:2046,1
DA:2058,1
DA:2070,1
DA:2082,1
DA:2094,1
DA:2106,1
DA:2118,1
DA:2130,1
DA:2142,1
DA:2154,1
DA:2166,1
DA:2178,1
DA:2190,1
DA:2202,1
DA:2214,1
DA:2226,1
DA:2238,1
DA:2250,1
DA:2262,1
DA:2274,1
DA:2286,1
DA:2298,1
DA:2310,1
DA:2322,1
DA:2334,1
DA:2346,1
DA:2358,1
DA:2370,1
DA:2382,1
DA:2394,1
DA:2406,1
DA:2418,1
DA:2430,1
DA:2442,1
DA:2454,1
DA:2465,1
DA:2477,1
DA:2488,1
DA:2499,1
DA:2510,1
DA:2521,1
DA:2533,1
DA:2545,1
DA:2556,1
DA:2568,1
DA:2579,1
DA:2591,1
DA:2603,1
DA:2615,1
DA:2627,1
DA:2639,1
DA:2651,1
DA:2663,1
DA:2675,1
DA:2687,1
DA:2699,1
DA:2711,1
DA:2723,1
DA:2735,1
DA:2747,1
DA:2759,1
DA:2771,1
DA:2783,1
DA:2794,1
DA:2806,1
LF:271
LH:261
BRDA:9,0,0,314
BRDA:9,0,1,235
BRDA:38,1,0,34
BRDA:38,1,1,0
BRDA:45,2,0,30
BRDA:45,2,1,0
BRDA:45,3,0,30
BRDA:45,3,1,30
BRDA:57,4,0,0
BRDA:57,4,1,0
BRDA:58,5,0,0
BRDA:58,5,1,0
BRDA:59,6,0,0
BRDA:59,6,1,0
BRDA:59,7,0,0
BRDA:59,7,1,0
BRDA:59,7,2,0
BRDA:59,7,3,0
BRDA:63,8,0,0
BRDA:63,8,1,0
BRDA:63,9,0,0
BRDA:63,9,1,0
BRDA:69,10,0,1
BRDA:69,10,1,14
BRDA:69,11,0,15
BRDA:69,11,1,15
BRF:26
BRH:10
end_of_record
TN:
SF:tests\unit\row.spec.js
FN:1,(anonymous_0)
FN:6,__webpack_require__
FN:37,(anonymous_2)
FN:44,(anonymous_3)
FN:56,(anonymous_4)
FN:63,(anonymous_5)
FN:68,(anonymous_6)
FN:70,getDefault
FN:71,getModuleExports
FN:77,(anonymous_9)
FN:94,(anonymous_10)
FN:105,(anonymous_11)
FN:117,(anonymous_12)
FN:129,(anonymous_13)
FN:140,(anonymous_14)
FN:151,(anonymous_15)
FN:162,(anonymous_16)
FN:173,(anonymous_17)
FN:184,(anonymous_18)
FN:195,(anonymous_19)
FN:206,(anonymous_20)
FN:217,(anonymous_21)
FN:228,(anonymous_22)
FN:239,(anonymous_23)
FN:250,(anonymous_24)
FN:261,(anonymous_25)
FN:272,(anonymous_26)
FN:283,(anonymous_27)
FN:294,(anonymous_28)
FN:305,(anonymous_29)
FN:316,(anonymous_30)
FN:327,(anonymous_31)
FN:338,(anonymous_32)
FN:349,(anonymous_33)
FN:360,(anonymous_34)
FN:371,(anonymous_35)
FN:382,(anonymous_36)
FN:393,(anonymous_37)
FN:404,(anonymous_38)
FN:415,(anonymous_39)
FN:426,(anonymous_40)
FN:437,(anonymous_41)
FN:448,(anonymous_42)
FN:459,(anonymous_43)
FN:470,(anonymous_44)
FN:481,(anonymous_45)
FN:493,(anonymous_46)
FN:504,(anonymous_47)
FN:515,(anonymous_48)
FN:526,(anonymous_49)
FN:537,(anonymous_50)
FN:549,(anonymous_51)
FN:560,(anonymous_52)
FN:571,(anonymous_53)
FN:583,(anonymous_54)
FN:594,(anonymous_55)
FN:605,(anonymous_56)
FN:616,(anonymous_57)
FN:627,(anonymous_58)
FN:638,(anonymous_59)
FN:649,(anonymous_60)
FN:660,(anonymous_61)
FN:671,(anonymous_62)
FN:682,(anonymous_63)
FN:693,(anonymous_64)
FN:704,(anonymous_65)
FN:715,(anonymous_66)
FN:726,(anonymous_67)
FN:737,(anonymous_68)
FN:748,(anonymous_69)
FN:759,(anonymous_70)
FN:770,(anonymous_71)
FN:781,(anonymous_72)
FN:792,(anonymous_73)
FN:803,(anonymous_74)
FN:814,(anonymous_75)
FN:825,(anonymous_76)
FN:836,(anonymous_77)
FN:847,(anonymous_78)
FN:858,(anonymous_79)
FN:869,(anonymous_80)
FN:880,(anonymous_81)
FN:891,(anonymous_82)
FN:902,(anonymous_83)
FN:913,(anonymous_84)
FN:924,(anonymous_85)
FN:935,(anonymous_86)
FN:946,(anonymous_87)
FN:957,(anonymous_88)
FN:968,(anonymous_89)
FN:979,(anonymous_90)
FN:990,(anonymous_91)
FN:1002,(anonymous_92)
FN:1013,(anonymous_93)
FN:1024,(anonymous_94)
FN:1035,(anonymous_95)
FN:1046,(anonymous_96)
FN:1057,(anonymous_97)
FN:1068,(anonymous_98)
FN:1079,(anonymous_99)
FN:1090,(anonymous_100)
FN:1101,(anonymous_101)
FN:1112,(anonymous_102)
FN:1123,(anonymous_103)
FN:1134,(anonymous_104)
FN:1145,(anonymous_105)
FN:1156,(anonymous_106)
FN:1167,(anonymous_107)
FN:1178,(anonymous_108)
FN:1189,(anonymous_109)
FN:1200,(anonymous_110)
FN:1211,(anonymous_111)
FN:1222,(anonymous_112)
FN:1234,(anonymous_113)
FN:1246,(anonymous_114)
FN:1258,(anonymous_115)
FN:1269,(anonymous_116)
FN:1280,(anonymous_117)
FN:1292,(anonymous_118)
FN:1304,(anonymous_119)
FN:1316,(anonymous_120)
FN:1328,(anonymous_121)
FN:1339,(anonymous_122)
FN:1351,(anonymous_123)
FN:1362,(anonymous_124)
FN:1374,(anonymous_125)
FN:1386,(anonymous_126)
FN:1398,(anonymous_127)
FN:1409,(anonymous_128)
FN:1421,(anonymous_129)
FN:1433,(anonymous_130)
FN:1445,(anonymous_131)
FN:1457,(anonymous_132)
FNF:133
FNH:129
FNDA:1,(anonymous_0)
FNDA:259,__webpack_require__
FNDA:13,(anonymous_2)
FNDA:11,(anonymous_3)
FNDA:0,(anonymous_4)
FNDA:0,(anonymous_5)
FNDA:6,(anonymous_6)
FNDA:0,getDefault
FNDA:0,getModuleExports
FNDA:13,(anonymous_9)
FNDA:1,(anonymous_10)
FNDA:1,(anonymous_11)
FNDA:1,(anonymous_12)
FNDA:1,(anonymous_13)
FNDA:1,(anonymous_14)
FNDA:1,(anonymous_15)
FNDA:1,(anonymous_16)
FNDA:1,(anonymous_17)
FNDA:1,(anonymous_18)
FNDA:1,(anonymous_19)
FNDA:1,(anonymous_20)
FNDA:1,(anonymous_21)
FNDA:1,(anonymous_22)
FNDA:1,(anonymous_23)
FNDA:1,(anonymous_24)
FNDA:1,(anonymous_25)
FNDA:1,(anonymous_26)
FNDA:1,(anonymous_27)
FNDA:1,(anonymous_28)
FNDA:1,(anonymous_29)
FNDA:1,(anonymous_30)
FNDA:1,(anonymous_31)
FNDA:1,(anonymous_32)
FNDA:1,(anonymous_33)
FNDA:1,(anonymous_34)
FNDA:1,(anonymous_35)
FNDA:1,(anonymous_36)
FNDA:1,(anonymous_37)
FNDA:1,(anonymous_38)
FNDA:1,(anonymous_39)
FNDA:1,(anonymous_40)
FNDA:1,(anonymous_41)
FNDA:1,(anonymous_42)
FNDA:1,(anonymous_43)
FNDA:1,(anonymous_44)
FNDA:1,(anonymous_45)
FNDA:1,(anonymous_46)
FNDA:1,(anonymous_47)
FNDA:1,(anonymous_48)
FNDA:1,(anonymous_49)
FNDA:1,(anonymous_50)
FNDA:1,(anonymous_51)
FNDA:1,(anonymous_52)
FNDA:1,(anonymous_53)
FNDA:1,(anonymous_54)
FNDA:1,(anonymous_55)
FNDA:1,(anonymous_56)
FNDA:1,(anonymous_57)
FNDA:1,(anonymous_58)
FNDA:1,(anonymous_59)
FNDA:1,(anonymous_60)
FNDA:1,(anonymous_61)
FNDA:1,(anonymous_62)
FNDA:1,(anonymous_63)
FNDA:1,(anonymous_64)
FNDA:1,(anonymous_65)
FNDA:1,(anonymous_66)
FNDA:1,(anonymous_67)
FNDA:1,(anonymous_68)
FNDA:1,(anonymous_69)
FNDA:1,(anonymous_70)
FNDA:1,(anonymous_71)
FNDA:1,(anonymous_72)
FNDA:1,(anonymous_73)
FNDA:1,(anonymous_74)
FNDA:1,(anonymous_75)
FNDA:1,(anonymous_76)
FNDA:1,(anonymous_77)
FNDA:1,(anonymous_78)
FNDA:1,(anonymous_79)
FNDA:1,(anonymous_80)
FNDA:1,(anonymous_81)
FNDA:1,(anonymous_82)
FNDA:1,(anonymous_83)
FNDA:1,(anonymous_84)
FNDA:1,(anonymous_85)
FNDA:1,(anonymous_86)
FNDA:1,(anonymous_87)
FNDA:1,(anonymous_88)
FNDA:1,(anonymous_89)
FNDA:1,(anonymous_90)
FNDA:1,(anonymous_91)
FNDA:1,(anonymous_92)
FNDA:1,(anonymous_93)
FNDA:1,(anonymous_94)
FNDA:1,(anonymous_95)
FNDA:1,(anonymous_96)
FNDA:1,(anonymous_97)
FNDA:1,(anonymous_98)
FNDA:1,(anonymous_99)
FNDA:1,(anonymous_100)
FNDA:1,(anonymous_101)
FNDA:1,(anonymous_102)
FNDA:1,(anonymous_103)
FNDA:1,(anonymous_104)
FNDA:1,(anonymous_105)
FNDA:1,(anonymous_106)
FNDA:1,(anonymous_107)
FNDA:1,(anonymous_108)
FNDA:1,(anonymous_109)
FNDA:1,(anonymous_110)
FNDA:1,(anonymous_111)
FNDA:1,(anonymous_112)
FNDA:1,(anonymous_113)
FNDA:1,(anonymous_114)
FNDA:1,(anonymous_115)
FNDA:1,(anonymous_116)
FNDA:1,(anonymous_117)
FNDA:1,(anonymous_118)
FNDA:1,(anonymous_119)
FNDA:1,(anonymous_120)
FNDA:1,(anonymous_121)
FNDA:1,(anonymous_122)
FNDA:1,(anonymous_123)
FNDA:1,(anonymous_124)
FNDA:1,(anonymous_125)
FNDA:1,(anonymous_126)
FNDA:1,(anonymous_127)
FNDA:1,(anonymous_128)
FNDA:1,(anonymous_129)
FNDA:1,(anonymous_130)
FNDA:1,(anonymous_131)
FNDA:1,(anonymous_132)
DA:1,1
DA:3,1
DA:9,259
DA:10,136
DA:13,123
DA:20,123
DA:23,123
DA:26,123
DA:31,1
DA:34,1
DA:37,1
DA:38,13
DA:39,13
DA:44,1
DA:45,11
DA:46,11
DA:48,11
DA:56,1
DA:57,0
DA:58,0
DA:59,0
DA:60,0
DA:61,0
DA:62,0
DA:63,0
DA:64,0
DA:68,1
DA:69,6
DA:70,0
DA:71,0
DA:72,6
DA:73,6
DA:77,13
DA:80,1
DA:84,1
DA:96,1
DA:108,1
DA:120,1
DA:131,1
DA:142,1
DA:153,1
DA:164,1
DA:175,1
DA:186,1
DA:197,1
DA:208,1
DA:219,1
DA:230,1
DA:241,1
DA:252,1
DA:263,1
DA:274,1
DA:285,1
DA:296,1
DA:307,1
DA:318,1
DA:329,1
DA:340,1
DA:351,1
DA:362,1
DA:373,1
DA:384,1
DA:395,1
DA:406,1
DA:417,1
DA:428,1
DA:439,1
DA:450,1
DA:461,1
DA:472,1
DA:484,1
DA:495,1
DA:506,1
DA:517,1
DA:528,1
DA:540,1
DA:551,1
DA:562,1
DA:574,1
DA:585,1
DA:596,1
DA:607,1
DA:618,1
DA:629,1
DA:640,1
DA:651,1
DA:662,1
DA:673,1
DA:684,1
DA:695,1
DA:706,1
DA:717,1
DA:728,1
DA:739,1
DA:750,1
DA:761,1
DA:772,1
DA:783,1
DA:794,1
DA:805,1
DA:816,1
DA:827,1
DA:838,1
DA:849,1
DA:860,1
DA:871,1
DA:882,1
DA:893,1
DA:904,1
DA:915,1
DA:926,1
DA:937,1
DA:948,1
DA:959,1
DA:970,1
DA:981,1
DA:993,1
DA:1004,1
DA:1015,1
DA:1026,1
DA:1037,1
DA:1048,1
DA:1059,1
DA:1070,1
DA:1081,1
DA:1092,1
DA:1103,1
DA:1114,1
DA:1125,1
DA:1136,1
DA:1147,1
DA:1158,1
DA:1169,1
DA:1180,1
DA:1191,1
DA:1202,1
DA:1213,1
DA:1225,1
DA:1237,1
DA:1249,1
DA:1260,1
DA:1271,1
DA:1283,1
DA:1295,1
DA:1307,1
DA:1319,1
DA:1330,1
DA:1342,1
DA:1353,1
DA:1365,1
DA:1377,1
DA:1389,1
DA:1400,1
DA:1412,1
DA:1424,1
DA:1436,1
DA:1448,1
DA:1460,1
LF:158
LH:148
BRDA:9,0,0,136
BRDA:9,0,1,123
BRDA:38,1,0,13
BRDA:38,1,1,0
BRDA:45,2,0,11
BRDA:45,2,1,0
BRDA:45,3,0,11
BRDA:45,3,1,11
BRDA:57,4,0,0
BRDA:57,4,1,0
BRDA:58,5,0,0
BRDA:58,5,1,0
BRDA:59,6,0,0
BRDA:59,6,1,0
BRDA:59,7,0,0
BRDA:59,7,1,0
BRDA:59,7,2,0
BRDA:59,7,3,0
BRDA:63,8,0,0
BRDA:63,8,1,0
BRDA:63,9,0,0
BRDA:63,9,1,0
BRDA:69,10,0,0
BRDA:69,10,1,6
BRDA:69,11,0,6
BRDA:69,11,1,6
BRF:26
BRH:9
end_of_record
TN:
SF:tests\unit\tabs-body.spec.js
FN:1,(anonymous_0)
FN:6,__webpack_require__
FN:37,(anonymous_2)
FN:44,(anonymous_3)
FN:56,(anonymous_4)
FN:63,(anonymous_5)
FN:68,(anonymous_6)
FN:70,getDefault
FN:71,getModuleExports
FN:77,(anonymous_9)
FN:94,(anonymous_10)
FN:106,(anonymous_11)
FN:117,(anonymous_12)
FN:129,(anonymous_13)
FN:141,(anonymous_14)
FN:152,(anonymous_15)
FN:163,(anonymous_16)
FN:174,(anonymous_17)
FN:185,(anonymous_18)
FN:196,(anonymous_19)
FN:207,(anonymous_20)
FN:218,(anonymous_21)
FN:229,(anonymous_22)
FN:240,(anonymous_23)
FN:251,(anonymous_24)
FN:262,(anonymous_25)
FN:273,(anonymous_26)
FN:284,(anonymous_27)
FN:295,(anonymous_28)
FN:306,(anonymous_29)
FN:317,(anonymous_30)
FN:328,(anonymous_31)
FN:339,(anonymous_32)
FN:350,(anonymous_33)
FN:361,(anonymous_34)
FN:372,(anonymous_35)
FN:383,(anonymous_36)
FN:394,(anonymous_37)
FN:405,(anonymous_38)
FN:416,(anonymous_39)
FN:427,(anonymous_40)
FN:438,(anonymous_41)
FN:449,(anonymous_42)
FN:460,(anonymous_43)
FN:471,(anonymous_44)
FN:482,(anonymous_45)
FN:493,(anonymous_46)
FN:505,(anonymous_47)
FN:516,(anonymous_48)
FN:528,(anonymous_49)
FN:540,(anonymous_50)
FN:552,(anonymous_51)
FN:563,(anonymous_52)
FN:574,(anonymous_53)
FN:586,(anonymous_54)
FN:597,(anonymous_55)
FN:609,(anonymous_56)
FN:620,(anonymous_57)
FN:632,(anonymous_58)
FN:644,(anonymous_59)
FN:655,(anonymous_60)
FN:667,(anonymous_61)
FN:678,(anonymous_62)
FN:690,(anonymous_63)
FN:702,(anonymous_64)
FN:714,(anonymous_65)
FN:726,(anonymous_66)
FNF:67
FNH:62
FNDA:1,(anonymous_0)
FNDA:105,__webpack_require__
FNDA:10,(anonymous_2)
FNDA:11,(anonymous_3)
FNDA:0,(anonymous_4)
FNDA:0,(anonymous_5)
FNDA:3,(anonymous_6)
FNDA:0,getDefault
FNDA:0,getModuleExports
FNDA:10,(anonymous_9)
FNDA:1,(anonymous_10)
FNDA:1,(anonymous_11)
FNDA:1,(anonymous_12)
FNDA:1,(anonymous_13)
FNDA:1,(anonymous_14)
FNDA:1,(anonymous_15)
FNDA:1,(anonymous_16)
FNDA:1,(anonymous_17)
FNDA:1,(anonymous_18)
FNDA:1,(anonymous_19)
FNDA:1,(anonymous_20)
FNDA:1,(anonymous_21)
FNDA:1,(anonymous_22)
FNDA:1,(anonymous_23)
FNDA:1,(anonymous_24)
FNDA:1,(anonymous_25)
FNDA:1,(anonymous_26)
FNDA:1,(anonymous_27)
FNDA:1,(anonymous_28)
FNDA:1,(anonymous_29)
FNDA:1,(anonymous_30)
FNDA:1,(anonymous_31)
FNDA:1,(anonymous_32)
FNDA:1,(anonymous_33)
FNDA:1,(anonymous_34)
FNDA:1,(anonymous_35)
FNDA:1,(anonymous_36)
FNDA:1,(anonymous_37)
FNDA:1,(anonymous_38)
FNDA:1,(anonymous_39)
FNDA:1,(anonymous_40)
FNDA:1,(anonymous_41)
FNDA:1,(anonymous_42)
FNDA:1,(anonymous_43)
FNDA:1,(anonymous_44)
FNDA:1,(anonymous_45)
FNDA:1,(anonymous_46)
FNDA:1,(anonymous_47)
FNDA:1,(anonymous_48)
FNDA:1,(anonymous_49)
FNDA:1,(anonymous_50)
FNDA:1,(anonymous_51)
FNDA:0,(anonymous_52)
FNDA:1,(anonymous_53)
FNDA:1,(anonymous_54)
FNDA:1,(anonymous_55)
FNDA:1,(anonymous_56)
FNDA:1,(anonymous_57)
FNDA:1,(anonymous_58)
FNDA:1,(anonymous_59)
FNDA:1,(anonymous_60)
FNDA:1,(anonymous_61)
FNDA:1,(anonymous_62)
FNDA:1,(anonymous_63)
FNDA:1,(anonymous_64)
FNDA:1,(anonymous_65)
FNDA:1,(anonymous_66)
DA:1,1
DA:3,1
DA:9,105
DA:10,49
DA:13,56
DA:20,56
DA:23,56
DA:26,56
DA:31,1
DA:34,1
DA:37,1
DA:38,10
DA:39,10
DA:44,1
DA:45,11
DA:46,11
DA:48,11
DA:56,1
DA:57,0
DA:58,0
DA:59,0
DA:60,0
DA:61,0
DA:62,0
DA:63,0
DA:64,0
DA:68,1
DA:69,3
DA:70,0
DA:71,0
DA:72,3
DA:73,3
DA:77,10
DA:80,1
DA:84,1
DA:97,1
DA:108,1
DA:120,1
DA:132,1
DA:143,1
DA:154,1
DA:165,1
DA:176,1
DA:187,1
DA:198,1
DA:209,1
DA:220,1
DA:231,1
DA:242,1
DA:253,1
DA:264,1
DA:275,1
DA:286,1
DA:297,1
DA:308,1
DA:319,1
DA:330,1
DA:341,1
DA:352,1
DA:363,1
DA:374,1
DA:385,1
DA:396,1
DA:407,1
DA:418,1
DA:429,1
DA:440,1
DA:451,1
DA:462,1
DA:473,1
DA:484,1
DA:496,1
DA:507,1
DA:519,1
DA:531,1
DA:543,1
DA:554,1
DA:565,0
DA:577,1
DA:588,1
DA:600,1
DA:611,1
DA:623,1
DA:635,1
DA:646,1
DA:658,1
DA:669,1
DA:681,1
DA:693,1
DA:705,1
DA:717,1
DA:729,1
LF:92
LH:81
BRDA:9,0,0,49
BRDA:9,0,1,56
BRDA:38,1,0,10
BRDA:38,1,1,0
BRDA:45,2,0,11
BRDA:45,2,1,0
BRDA:45,3,0,11
BRDA:45,3,1,11
BRDA:57,4,0,0
BRDA:57,4,1,0
BRDA:58,5,0,0
BRDA:58,5,1,0
BRDA:59,6,0,0
BRDA:59,6,1,0
BRDA:59,7,0,0
BRDA:59,7,1,0
BRDA:59,7,2,0
BRDA:59,7,3,0
BRDA:63,8,0,0
BRDA:63,8,1,0
BRDA:63,9,0,0
BRDA:63,9,1,0
BRDA:69,10,0,1
BRDA:69,10,1,2
BRDA:69,11,0,3
BRDA:69,11,1,3
BRF:26
BRH:10
end_of_record
TN:
SF:tests\unit\tabs-item.spec.js
FN:1,(anonymous_0)
FN:6,__webpack_require__
FN:37,(anonymous_2)
FN:44,(anonymous_3)
FN:56,(anonymous_4)
FN:63,(anonymous_5)
FN:68,(anonymous_6)
FN:70,getDefault
FN:71,getModuleExports
FN:77,(anonymous_9)
FN:94,(anonymous_10)
FN:106,(anonymous_11)
FN:117,(anonymous_12)
FN:129,(anonymous_13)
FN:141,(anonymous_14)
FN:153,(anonymous_15)
FN:165,(anonymous_16)
FN:177,(anonymous_17)
FN:189,(anonymous_18)
FN:201,(anonymous_19)
FN:213,(anonymous_20)
FN:225,(anonymous_21)
FN:237,(anonymous_22)
FN:248,(anonymous_23)
FN:259,(anonymous_24)
FN:270,(anonymous_25)
FN:281,(anonymous_26)
FN:292,(anonymous_27)
FN:303,(anonymous_28)
FN:314,(anonymous_29)
FN:325,(anonymous_30)
FN:336,(anonymous_31)
FN:347,(anonymous_32)
FN:358,(anonymous_33)
FN:369,(anonymous_34)
FN:380,(anonymous_35)
FN:391,(anonymous_36)
FN:402,(anonymous_37)
FN:413,(anonymous_38)
FN:424,(anonymous_39)
FN:435,(anonymous_40)
FN:446,(anonymous_41)
FN:457,(anonymous_42)
FN:468,(anonymous_43)
FN:479,(anonymous_44)
FN:490,(anonymous_45)
FN:501,(anonymous_46)
FN:512,(anonymous_47)
FN:523,(anonymous_48)
FN:534,(anonymous_49)
FN:545,(anonymous_50)
FN:556,(anonymous_51)
FN:567,(anonymous_52)
FN:578,(anonymous_53)
FN:589,(anonymous_54)
FN:601,(anonymous_55)
FN:612,(anonymous_56)
FN:623,(anonymous_57)
FN:634,(anonymous_58)
FN:645,(anonymous_59)
FN:657,(anonymous_60)
FN:668,(anonymous_61)
FN:679,(anonymous_62)
FN:691,(anonymous_63)
FN:702,(anonymous_64)
FN:713,(anonymous_65)
FN:724,(anonymous_66)
FN:735,(anonymous_67)
FN:746,(anonymous_68)
FN:757,(anonymous_69)
FN:768,(anonymous_70)
FN:779,(anonymous_71)
FN:790,(anonymous_72)
FN:801,(anonymous_73)
FN:812,(anonymous_74)
FN:823,(anonymous_75)
FN:834,(anonymous_76)
FN:845,(anonymous_77)
FN:856,(anonymous_78)
FN:867,(anonymous_79)
FN:878,(anonymous_80)
FN:889,(anonymous_81)
FN:900,(anonymous_82)
FN:911,(anonymous_83)
FN:922,(anonymous_84)
FN:933,(anonymous_85)
FN:944,(anonymous_86)
FN:955,(anonymous_87)
FN:966,(anonymous_88)
FN:977,(anonymous_89)
FN:988,(anonymous_90)
FN:999,(anonymous_91)
FN:1010,(anonymous_92)
FN:1021,(anonymous_93)
FN:1032,(anonymous_94)
FN:1043,(anonymous_95)
FN:1054,(anonymous_96)
FN:1065,(anonymous_97)
FN:1076,(anonymous_98)
FN:1087,(anonymous_99)
FN:1098,(anonymous_100)
FN:1110,(anonymous_101)
FN:1121,(anonymous_102)
FN:1132,(anonymous_103)
FN:1143,(anonymous_104)
FN:1154,(anonymous_105)
FN:1165,(anonymous_106)
FN:1176,(anonymous_107)
FN:1187,(anonymous_108)
FN:1198,(anonymous_109)
FN:1209,(anonymous_110)
FN:1220,(anonymous_111)
FN:1231,(anonymous_112)
FN:1242,(anonymous_113)
FN:1253,(anonymous_114)
FN:1264,(anonymous_115)
FN:1275,(anonymous_116)
FN:1286,(anonymous_117)
FN:1297,(anonymous_118)
FN:1308,(anonymous_119)
FN:1319,(anonymous_120)
FN:1330,(anonymous_121)
FN:1342,(anonymous_122)
FN:1354,(anonymous_123)
FN:1366,(anonymous_124)
FN:1377,(anonymous_125)
FN:1389,(anonymous_126)
FN:1400,(anonymous_127)
FN:1411,(anonymous_128)
FN:1422,(anonymous_129)
FN:1433,(anonymous_130)
FN:1444,(anonymous_131)
FN:1455,(anonymous_132)
FN:1467,(anonymous_133)
FN:1479,(anonymous_134)
FN:1491,(anonymous_135)
FN:1502,(anonymous_136)
FN:1513,(anonymous_137)
FN:1525,(anonymous_138)
FN:1536,(anonymous_139)
FN:1548,(anonymous_140)
FN:1559,(anonymous_141)
FN:1570,(anonymous_142)
FN:1581,(anonymous_143)
FN:1592,(anonymous_144)
FN:1603,(anonymous_145)
FN:1615,(anonymous_146)
FN:1627,(anonymous_147)
FN:1638,(anonymous_148)
FN:1650,(anonymous_149)
FN:1661,(anonymous_150)
FN:1673,(anonymous_151)
FN:1685,(anonymous_152)
FN:1697,(anonymous_153)
FN:1709,(anonymous_154)
FN:1721,(anonymous_155)
FN:1733,(anonymous_156)
FN:1745,(anonymous_157)
FN:1757,(anonymous_158)
FN:1769,(anonymous_159)
FN:1781,(anonymous_160)
FN:1793,(anonymous_161)
FN:1805,(anonymous_162)
FN:1817,(anonymous_163)
FN:1829,(anonymous_164)
FN:1841,(anonymous_165)
FN:1853,(anonymous_166)
FN:1865,(anonymous_167)
FN:1877,(anonymous_168)
FN:1889,(anonymous_169)
FN:1901,(anonymous_170)
FNF:171
FNH:166
FNDA:1,(anonymous_0)
FNDA:321,__webpack_require__
FNDA:39,(anonymous_2)
FNDA:35,(anonymous_3)
FNDA:0,(anonymous_4)
FNDA:0,(anonymous_5)
FNDA:16,(anonymous_6)
FNDA:0,getDefault
FNDA:0,getModuleExports
FNDA:39,(anonymous_9)
FNDA:1,(anonymous_10)
FNDA:1,(anonymous_11)
FNDA:1,(anonymous_12)
FNDA:1,(anonymous_13)
FNDA:1,(anonymous_14)
FNDA:1,(anonymous_15)
FNDA:1,(anonymous_16)
FNDA:1,(anonymous_17)
FNDA:1,(anonymous_18)
FNDA:1,(anonymous_19)
FNDA:1,(anonymous_20)
FNDA:1,(anonymous_21)
FNDA:1,(anonymous_22)
FNDA:1,(anonymous_23)
FNDA:1,(anonymous_24)
FNDA:1,(anonymous_25)
FNDA:1,(anonymous_26)
FNDA:1,(anonymous_27)
FNDA:1,(anonymous_28)
FNDA:1,(anonymous_29)
FNDA:1,(anonymous_30)
FNDA:1,(anonymous_31)
FNDA:1,(anonymous_32)
FNDA:1,(anonymous_33)
FNDA:1,(anonymous_34)
FNDA:1,(anonymous_35)
FNDA:1,(anonymous_36)
FNDA:1,(anonymous_37)
FNDA:1,(anonymous_38)
FNDA:1,(anonymous_39)
FNDA:1,(anonymous_40)
FNDA:1,(anonymous_41)
FNDA:1,(anonymous_42)
FNDA:1,(anonymous_43)
FNDA:1,(anonymous_44)
FNDA:1,(anonymous_45)
FNDA:1,(anonymous_46)
FNDA:1,(anonymous_47)
FNDA:1,(anonymous_48)
FNDA:1,(anonymous_49)
FNDA:1,(anonymous_50)
FNDA:1,(anonymous_51)
FNDA:1,(anonymous_52)
FNDA:1,(anonymous_53)
FNDA:1,(anonymous_54)
FNDA:1,(anonymous_55)
FNDA:1,(anonymous_56)
FNDA:1,(anonymous_57)
FNDA:1,(anonymous_58)
FNDA:1,(anonymous_59)
FNDA:1,(anonymous_60)
FNDA:1,(anonymous_61)
FNDA:1,(anonymous_62)
FNDA:1,(anonymous_63)
FNDA:1,(anonymous_64)
FNDA:1,(anonymous_65)
FNDA:1,(anonymous_66)
FNDA:1,(anonymous_67)
FNDA:1,(anonymous_68)
FNDA:1,(anonymous_69)
FNDA:1,(anonymous_70)
FNDA:1,(anonymous_71)
FNDA:1,(anonymous_72)
FNDA:1,(anonymous_73)
FNDA:1,(anonymous_74)
FNDA:1,(anonymous_75)
FNDA:1,(anonymous_76)
FNDA:1,(anonymous_77)
FNDA:1,(anonymous_78)
FNDA:1,(anonymous_79)
FNDA:1,(anonymous_80)
FNDA:1,(anonymous_81)
FNDA:1,(anonymous_82)
FNDA:1,(anonymous_83)
FNDA:1,(anonymous_84)
FNDA:1,(anonymous_85)
FNDA:1,(anonymous_86)
FNDA:1,(anonymous_87)
FNDA:1,(anonymous_88)
FNDA:1,(anonymous_89)
FNDA:1,(anonymous_90)
FNDA:1,(anonymous_91)
FNDA:1,(anonymous_92)
FNDA:1,(anonymous_93)
FNDA:1,(anonymous_94)
FNDA:1,(anonymous_95)
FNDA:1,(anonymous_96)
FNDA:1,(anonymous_97)
FNDA:1,(anonymous_98)
FNDA:1,(anonymous_99)
FNDA:1,(anonymous_100)
FNDA:1,(anonymous_101)
FNDA:1,(anonymous_102)
FNDA:1,(anonymous_103)
FNDA:1,(anonymous_104)
FNDA:1,(anonymous_105)
FNDA:1,(anonymous_106)
FNDA:1,(anonymous_107)
FNDA:1,(anonymous_108)
FNDA:1,(anonymous_109)
FNDA:1,(anonymous_110)
FNDA:1,(anonymous_111)
FNDA:1,(anonymous_112)
FNDA:1,(anonymous_113)
FNDA:1,(anonymous_114)
FNDA:1,(anonymous_115)
FNDA:1,(anonymous_116)
FNDA:1,(anonymous_117)
FNDA:1,(anonymous_118)
FNDA:1,(anonymous_119)
FNDA:1,(anonymous_120)
FNDA:1,(anonymous_121)
FNDA:1,(anonymous_122)
FNDA:1,(anonymous_123)
FNDA:1,(anonymous_124)
FNDA:1,(anonymous_125)
FNDA:1,(anonymous_126)
FNDA:1,(anonymous_127)
FNDA:1,(anonymous_128)
FNDA:1,(anonymous_129)
FNDA:1,(anonymous_130)
FNDA:1,(anonymous_131)
FNDA:1,(anonymous_132)
FNDA:1,(anonymous_133)
FNDA:1,(anonymous_134)
FNDA:1,(anonymous_135)
FNDA:0,(anonymous_136)
FNDA:1,(anonymous_137)
FNDA:1,(anonymous_138)
FNDA:1,(anonymous_139)
FNDA:1,(anonymous_140)
FNDA:1,(anonymous_141)
FNDA:1,(anonymous_142)
FNDA:1,(anonymous_143)
FNDA:1,(anonymous_144)
FNDA:1,(anonymous_145)
FNDA:1,(anonymous_146)
FNDA:1,(anonymous_147)
FNDA:1,(anonymous_148)
FNDA:1,(anonymous_149)
FNDA:1,(anonymous_150)
FNDA:1,(anonymous_151)
FNDA:1,(anonymous_152)
FNDA:1,(anonymous_153)
FNDA:1,(anonymous_154)
FNDA:1,(anonymous_155)
FNDA:1,(anonymous_156)
FNDA:1,(anonymous_157)
FNDA:1,(anonymous_158)
FNDA:1,(anonymous_159)
FNDA:1,(anonymous_160)
FNDA:1,(anonymous_161)
FNDA:1,(anonymous_162)
FNDA:1,(anonymous_163)
FNDA:1,(anonymous_164)
FNDA:1,(anonymous_165)
FNDA:1,(anonymous_166)
FNDA:1,(anonymous_167)
FNDA:1,(anonymous_168)
FNDA:1,(anonymous_169)
FNDA:1,(anonymous_170)
DA:1,1
DA:3,1
DA:9,321
DA:10,161
DA:13,160
DA:20,160
DA:23,160
DA:26,160
DA:31,1
DA:34,1
DA:37,1
DA:38,39
DA:39,39
DA:44,1
DA:45,35
DA:46,35
DA:48,35
DA:56,1
DA:57,0
DA:58,0
DA:59,0
DA:60,0
DA:61,0
DA:62,0
DA:63,0
DA:64,0
DA:68,1
DA:69,16
DA:70,0
DA:71,0
DA:72,16
DA:73,16
DA:77,39
DA:80,1
DA:84,1
DA:97,1
DA:108,1
DA:120,1
DA:132,1
DA:144,1
DA:156,1
DA:168,1
DA:180,1
DA:192,1
DA:204,1
DA:216,1
DA:228,1
DA:239,1
DA:250,1
DA:261,1
DA:272,1
DA:283,1
DA:294,1
DA:305,1
DA:316,1
DA:327,1
DA:338,1
DA:349,1
DA:360,1
DA:371,1
DA:382,1
DA:393,1
DA:404,1
DA:415,1
DA:426,1
DA:437,1
DA:448,1
DA:459,1
DA:470,1
DA:481,1
DA:492,1
DA:503,1
DA:514,1
DA:525,1
DA:536,1
DA:547,1
DA:558,1
DA:569,1
DA:580,1
DA:592,1
DA:603,1
DA:614,1
DA:625,1
DA:636,1
DA:648,1
DA:659,1
DA:670,1
DA:682,1
DA:693,1
DA:704,1
DA:715,1
DA:726,1
DA:737,1
DA:748,1
DA:759,1
DA:770,1
DA:781,1
DA:792,1
DA:803,1
DA:814,1
DA:825,1
DA:836,1
DA:847,1
DA:858,1
DA:869,1
DA:880,1
DA:891,1
DA:902,1
DA:913,1
DA:924,1
DA:935,1
DA:946,1
DA:957,1
DA:968,1
DA:979,1
DA:990,1
DA:1001,1
DA:1012,1
DA:1023,1
DA:1034,1
DA:1045,1
DA:1056,1
DA:1067,1
DA:1078,1
DA:1089,1
DA:1101,1
DA:1112,1
DA:1123,1
DA:1134,1
DA:1145,1
DA:1156,1
DA:1167,1
DA:1178,1
DA:1189,1
DA:1200,1
DA:1211,1
DA:1222,1
DA:1233,1
DA:1244,1
DA:1255,1
DA:1266,1
DA:1277,1
DA:1288,1
DA:1299,1
DA:1310,1
DA:1321,1
DA:1333,1
DA:1345,1
DA:1357,1
DA:1368,1
DA:1380,1
DA:1391,1
DA:1402,1
DA:1413,1
DA:1424,1
DA:1435,1
DA:1446,1
DA:1458,1
DA:1470,1
DA:1482,1
DA:1493,1
DA:1504,0
DA:1516,1
DA:1527,1
DA:1539,1
DA:1550,1
DA:1561,1
DA:1572,1
DA:1583,1
DA:1594,1
DA:1606,1
DA:1618,1
DA:1629,1
DA:1641,1
DA:1652,1
DA:1664,1
DA:1676,1
DA:1688,1
DA:1700,1
DA:1712,1
DA:1724,1
DA:1736,1
DA:1748,1
DA:1760,1
DA:1772,1
DA:1784,1
DA:1796,1
DA:1808,1
DA:1820,1
DA:1832,1
DA:1844,1
DA:1856,1
DA:1868,1
DA:1880,1
DA:1892,1
DA:1904,1
LF:196
LH:185
BRDA:9,0,0,161
BRDA:9,0,1,160
BRDA:38,1,0,39
BRDA:38,1,1,0
BRDA:45,2,0,35
BRDA:45,2,1,0
BRDA:45,3,0,35
BRDA:45,3,1,35
BRDA:57,4,0,0
BRDA:57,4,1,0
BRDA:58,5,0,0
BRDA:58,5,1,0
BRDA:59,6,0,0
BRDA:59,6,1,0
BRDA:59,7,0,0
BRDA:59,7,1,0
BRDA:59,7,2,0
BRDA:59,7,3,0
BRDA:63,8,0,0
BRDA:63,8,1,0
BRDA:63,9,0,0
BRDA:63,9,1,0
BRDA:69,10,0,1
BRDA:69,10,1,15
BRDA:69,11,0,16
BRDA:69,11,1,16
BRF:26
BRH:10
end_of_record
TN:
SF:tests\unit\tabs-panel.spec.js
FN:1,(anonymous_0)
FN:6,__webpack_require__
FN:37,(anonymous_2)
FN:44,(anonymous_3)
FN:56,(anonymous_4)
FN:63,(anonymous_5)
FN:68,(anonymous_6)
FN:70,getDefault
FN:71,getModuleExports
FN:77,(anonymous_9)
FN:94,(anonymous_10)
FN:106,(anonymous_11)
FN:117,(anonymous_12)
FN:129,(anonymous_13)
FN:141,(anonymous_14)
FN:152,(anonymous_15)
FN:163,(anonymous_16)
FN:174,(anonymous_17)
FN:185,(anonymous_18)
FN:196,(anonymous_19)
FN:207,(anonymous_20)
FN:218,(anonymous_21)
FN:229,(anonymous_22)
FN:240,(anonymous_23)
FN:251,(anonymous_24)
FN:262,(anonymous_25)
FN:273,(anonymous_26)
FN:284,(anonymous_27)
FN:295,(anonymous_28)
FN:306,(anonymous_29)
FN:317,(anonymous_30)
FN:328,(anonymous_31)
FN:339,(anonymous_32)
FN:350,(anonymous_33)
FN:361,(anonymous_34)
FN:372,(anonymous_35)
FN:383,(anonymous_36)
FN:394,(anonymous_37)
FN:405,(anonymous_38)
FN:416,(anonymous_39)
FN:427,(anonymous_40)
FN:438,(anonymous_41)
FN:449,(anonymous_42)
FN:460,(anonymous_43)
FN:471,(anonymous_44)
FN:482,(anonymous_45)
FN:493,(anonymous_46)
FN:505,(anonymous_47)
FN:516,(anonymous_48)
FN:527,(anonymous_49)
FN:538,(anonymous_50)
FN:549,(anonymous_51)
FN:560,(anonymous_52)
FN:571,(anonymous_53)
FN:582,(anonymous_54)
FN:593,(anonymous_55)
FN:604,(anonymous_56)
FN:615,(anonymous_57)
FN:626,(anonymous_58)
FN:637,(anonymous_59)
FN:648,(anonymous_60)
FN:659,(anonymous_61)
FN:670,(anonymous_62)
FN:681,(anonymous_63)
FN:692,(anonymous_64)
FN:703,(anonymous_65)
FN:714,(anonymous_66)
FN:725,(anonymous_67)
FN:736,(anonymous_68)
FN:747,(anonymous_69)
FN:758,(anonymous_70)
FN:769,(anonymous_71)
FN:780,(anonymous_72)
FN:791,(anonymous_73)
FN:802,(anonymous_74)
FN:813,(anonymous_75)
FN:824,(anonymous_76)
FN:835,(anonymous_77)
FN:846,(anonymous_78)
FN:858,(anonymous_79)
FN:869,(anonymous_80)
FN:880,(anonymous_81)
FN:891,(anonymous_82)
FN:902,(anonymous_83)
FN:913,(anonymous_84)
FN:924,(anonymous_85)
FN:935,(anonymous_86)
FN:946,(anonymous_87)
FN:957,(anonymous_88)
FN:968,(anonymous_89)
FN:979,(anonymous_90)
FN:990,(anonymous_91)
FN:1001,(anonymous_92)
FN:1012,(anonymous_93)
FN:1023,(anonymous_94)
FN:1034,(anonymous_95)
FN:1045,(anonymous_96)
FN:1057,(anonymous_97)
FN:1068,(anonymous_98)
FN:1080,(anonymous_99)
FN:1092,(anonymous_100)
FN:1104,(anonymous_101)
FN:1115,(anonymous_102)
FN:1126,(anonymous_103)
FN:1138,(anonymous_104)
FN:1149,(anonymous_105)
FN:1161,(anonymous_106)
FN:1172,(anonymous_107)
FN:1184,(anonymous_108)
FN:1196,(anonymous_109)
FN:1207,(anonymous_110)
FN:1219,(anonymous_111)
FN:1230,(anonymous_112)
FN:1242,(anonymous_113)
FN:1254,(anonymous_114)
FN:1266,(anonymous_115)
FN:1278,(anonymous_116)
FNF:117
FNH:112
FNDA:1,(anonymous_0)
FNDA:211,__webpack_require__
FNDA:12,(anonymous_2)
FNDA:11,(anonymous_3)
FNDA:0,(anonymous_4)
FNDA:0,(anonymous_5)
FNDA:5,(anonymous_6)
FNDA:0,getDefault
FNDA:0,getModuleExports
FNDA:12,(anonymous_9)
FNDA:1,(anonymous_10)
FNDA:1,(anonymous_11)
FNDA:1,(anonymous_12)
FNDA:1,(anonymous_13)
FNDA:1,(anonymous_14)
FNDA:1,(anonymous_15)
FNDA:1,(anonymous_16)
FNDA:1,(anonymous_17)
FNDA:1,(anonymous_18)
FNDA:1,(anonymous_19)
FNDA:1,(anonymous_20)
FNDA:1,(anonymous_21)
FNDA:1,(anonymous_22)
FNDA:1,(anonymous_23)
FNDA:1,(anonymous_24)
FNDA:1,(anonymous_25)
FNDA:1,(anonymous_26)
FNDA:1,(anonymous_27)
FNDA:1,(anonymous_28)
FNDA:1,(anonymous_29)
FNDA:1,(anonymous_30)
FNDA:1,(anonymous_31)
FNDA:1,(anonymous_32)
FNDA:1,(anonymous_33)
FNDA:1,(anonymous_34)
FNDA:1,(anonymous_35)
FNDA:1,(anonymous_36)
FNDA:1,(anonymous_37)
FNDA:1,(anonymous_38)
FNDA:1,(anonymous_39)
FNDA:1,(anonymous_40)
FNDA:1,(anonymous_41)
FNDA:1,(anonymous_42)
FNDA:1,(anonymous_43)
FNDA:1,(anonymous_44)
FNDA:1,(anonymous_45)
FNDA:1,(anonymous_46)
FNDA:1,(anonymous_47)
FNDA:1,(anonymous_48)
FNDA:1,(anonymous_49)
FNDA:1,(anonymous_50)
FNDA:1,(anonymous_51)
FNDA:1,(anonymous_52)
FNDA:1,(anonymous_53)
FNDA:1,(anonymous_54)
FNDA:1,(anonymous_55)
FNDA:1,(anonymous_56)
FNDA:1,(anonymous_57)
FNDA:1,(anonymous_58)
FNDA:1,(anonymous_59)
FNDA:1,(anonymous_60)
FNDA:1,(anonymous_61)
FNDA:1,(anonymous_62)
FNDA:1,(anonymous_63)
FNDA:1,(anonymous_64)
FNDA:1,(anonymous_65)
FNDA:1,(anonymous_66)
FNDA:1,(anonymous_67)
FNDA:1,(anonymous_68)
FNDA:1,(anonymous_69)
FNDA:1,(anonymous_70)
FNDA:1,(anonymous_71)
FNDA:1,(anonymous_72)
FNDA:1,(anonymous_73)
FNDA:1,(anonymous_74)
FNDA:1,(anonymous_75)
FNDA:1,(anonymous_76)
FNDA:1,(anonymous_77)
FNDA:1,(anonymous_78)
FNDA:1,(anonymous_79)
FNDA:1,(anonymous_80)
FNDA:1,(anonymous_81)
FNDA:1,(anonymous_82)
FNDA:1,(anonymous_83)
FNDA:1,(anonymous_84)
FNDA:1,(anonymous_85)
FNDA:1,(anonymous_86)
FNDA:1,(anonymous_87)
FNDA:1,(anonymous_88)
FNDA:1,(anonymous_89)
FNDA:1,(anonymous_90)
FNDA:1,(anonymous_91)
FNDA:1,(anonymous_92)
FNDA:1,(anonymous_93)
FNDA:1,(anonymous_94)
FNDA:1,(anonymous_95)
FNDA:1,(anonymous_96)
FNDA:1,(anonymous_97)
FNDA:1,(anonymous_98)
FNDA:1,(anonymous_99)
FNDA:1,(anonymous_100)
FNDA:1,(anonymous_101)
FNDA:0,(anonymous_102)
FNDA:1,(anonymous_103)
FNDA:1,(anonymous_104)
FNDA:1,(anonymous_105)
FNDA:1,(anonymous_106)
FNDA:1,(anonymous_107)
FNDA:1,(anonymous_108)
FNDA:1,(anonymous_109)
FNDA:1,(anonymous_110)
FNDA:1,(anonymous_111)
FNDA:1,(anonymous_112)
FNDA:1,(anonymous_113)
FNDA:1,(anonymous_114)
FNDA:1,(anonymous_115)
FNDA:1,(anonymous_116)
DA:1,1
DA:3,1
DA:9,211
DA:10,105
DA:13,106
DA:20,106
DA:23,106
DA:26,106
DA:31,1
DA:34,1
DA:37,1
DA:38,12
DA:39,12
DA:44,1
DA:45,11
DA:46,11
DA:48,11
DA:56,1
DA:57,0
DA:58,0
DA:59,0
DA:60,0
DA:61,0
DA:62,0
DA:63,0
DA:64,0
DA:68,1
DA:69,5
DA:70,0
DA:71,0
DA:72,5
DA:73,5
DA:77,12
DA:80,1
DA:84,1
DA:97,1
DA:108,1
DA:120,1
DA:132,1
DA:143,1
DA:154,1
DA:165,1
DA:176,1
DA:187,1
DA:198,1
DA:209,1
DA:220,1
DA:231,1
DA:242,1
DA:253,1
DA:264,1
DA:275,1
DA:286,1
DA:297,1
DA:308,1
DA:319,1
DA:330,1
DA:341,1
DA:352,1
DA:363,1
DA:374,1
DA:385,1
DA:396,1
DA:407,1
DA:418,1
DA:429,1
DA:440,1
DA:451,1
DA:462,1
DA:473,1
DA:484,1
DA:496,1
DA:507,1
DA:518,1
DA:529,1
DA:540,1
DA:551,1
DA:562,1
DA:573,1
DA:584,1
DA:595,1
DA:606,1
DA:617,1
DA:628,1
DA:639,1
DA:650,1
DA:661,1
DA:672,1
DA:683,1
DA:694,1
DA:705,1
DA:716,1
DA:727,1
DA:738,1
DA:749,1
DA:760,1
DA:771,1
DA:782,1
DA:793,1
DA:804,1
DA:815,1
DA:826,1
DA:837,1
DA:849,1
DA:860,1
DA:871,1
DA:882,1
DA:893,1
DA:904,1
DA:915,1
DA:926,1
DA:937,1
DA:948,1
DA:959,1
DA:970,1
DA:981,1
DA:992,1
DA:1003,1
DA:1014,1
DA:1025,1
DA:1036,1
DA:1048,1
DA:1059,1
DA:1071,1
DA:1083,1
DA:1095,1
DA:1106,1
DA:1117,0
DA:1129,1
DA:1140,1
DA:1152,1
DA:1163,1
DA:1175,1
DA:1187,1
DA:1198,1
DA:1210,1
DA:1221,1
DA:1233,1
DA:1245,1
DA:1257,1
DA:1269,1
DA:1281,1
LF:142
LH:131
BRDA:9,0,0,105
BRDA:9,0,1,106
BRDA:38,1,0,12
BRDA:38,1,1,0
BRDA:45,2,0,11
BRDA:45,2,1,0
BRDA:45,3,0,11
BRDA:45,3,1,11
BRDA:57,4,0,0
BRDA:57,4,1,0
BRDA:58,5,0,0
BRDA:58,5,1,0
BRDA:59,6,0,0
BRDA:59,6,1,0
BRDA:59,7,0,0
BRDA:59,7,1,0
BRDA:59,7,2,0
BRDA:59,7,3,0
BRDA:63,8,0,0
BRDA:63,8,1,0
BRDA:63,9,0,0
BRDA:63,9,1,0
BRDA:69,10,0,1
BRDA:69,10,1,4
BRDA:69,11,0,5
BRDA:69,11,1,5
BRF:26
BRH:10
end_of_record
TN:
SF:tests\unit\tabs.spec.js
FN:1,(anonymous_0)
FN:6,__webpack_require__
FN:37,(anonymous_2)
FN:44,(anonymous_3)
FN:56,(anonymous_4)
FN:63,(anonymous_5)
FN:68,(anonymous_6)
FN:70,getDefault
FN:71,getModuleExports
FN:77,(anonymous_9)
FN:94,(anonymous_10)
FN:106,(anonymous_11)
FN:118,(anonymous_12)
FN:130,(anonymous_13)
FN:142,(anonymous_14)
FN:154,(anonymous_15)
FN:166,(anonymous_16)
FN:178,(anonymous_17)
FN:190,(anonymous_18)
FN:202,(anonymous_19)
FN:214,(anonymous_20)
FN:226,(anonymous_21)
FN:238,(anonymous_22)
FN:250,(anonymous_23)
FN:262,(anonymous_24)
FN:274,(anonymous_25)
FN:286,(anonymous_26)
FN:298,(anonymous_27)
FN:310,(anonymous_28)
FN:321,(anonymous_29)
FN:333,(anonymous_30)
FN:345,(anonymous_31)
FN:357,(anonymous_32)
FN:369,(anonymous_33)
FN:381,(anonymous_34)
FN:393,(anonymous_35)
FN:405,(anonymous_36)
FN:417,(anonymous_37)
FN:429,(anonymous_38)
FN:441,(anonymous_39)
FN:453,(anonymous_40)
FN:465,(anonymous_41)
FN:477,(anonymous_42)
FN:489,(anonymous_43)
FN:501,(anonymous_44)
FN:513,(anonymous_45)
FN:525,(anonymous_46)
FN:537,(anonymous_47)
FN:549,(anonymous_48)
FN:561,(anonymous_49)
FN:573,(anonymous_50)
FN:585,(anonymous_51)
FN:597,(anonymous_52)
FN:609,(anonymous_53)
FN:621,(anonymous_54)
FN:633,(anonymous_55)
FN:645,(anonymous_56)
FN:657,(anonymous_57)
FN:668,(anonymous_58)
FN:680,(anonymous_59)
FN:692,(anonymous_60)
FN:704,(anonymous_61)
FN:716,(anonymous_62)
FN:728,(anonymous_63)
FN:740,(anonymous_64)
FN:752,(anonymous_65)
FN:764,(anonymous_66)
FN:776,(anonymous_67)
FN:788,(anonymous_68)
FN:799,(anonymous_69)
FN:810,(anonymous_70)
FN:821,(anonymous_71)
FN:832,(anonymous_72)
FN:843,(anonymous_73)
FN:854,(anonymous_74)
FN:865,(anonymous_75)
FN:876,(anonymous_76)
FN:887,(anonymous_77)
FN:898,(anonymous_78)
FN:909,(anonymous_79)
FN:920,(anonymous_80)
FN:931,(anonymous_81)
FN:942,(anonymous_82)
FN:953,(anonymous_83)
FN:964,(anonymous_84)
FN:975,(anonymous_85)
FN:986,(anonymous_86)
FN:997,(anonymous_87)
FN:1008,(anonymous_88)
FN:1019,(anonymous_89)
FN:1030,(anonymous_90)
FN:1041,(anonymous_91)
FN:1052,(anonymous_92)
FN:1063,(anonymous_93)
FN:1074,(anonymous_94)
FN:1085,(anonymous_95)
FN:1096,(anonymous_96)
FN:1107,(anonymous_97)
FN:1118,(anonymous_98)
FN:1129,(anonymous_99)
FN:1140,(anonymous_100)
FN:1152,(anonymous_101)
FN:1163,(anonymous_102)
FN:1174,(anonymous_103)
FN:1185,(anonymous_104)
FN:1196,(anonymous_105)
FN:1208,(anonymous_106)
FN:1219,(anonymous_107)
FN:1230,(anonymous_108)
FN:1242,(anonymous_109)
FN:1253,(anonymous_110)
FN:1264,(anonymous_111)
FN:1275,(anonymous_112)
FN:1286,(anonymous_113)
FN:1297,(anonymous_114)
FN:1308,(anonymous_115)
FN:1319,(anonymous_116)
FN:1330,(anonymous_117)
FN:1341,(anonymous_118)
FN:1352,(anonymous_119)
FN:1363,(anonymous_120)
FN:1374,(anonymous_121)
FN:1385,(anonymous_122)
FN:1396,(anonymous_123)
FN:1407,(anonymous_124)
FN:1418,(anonymous_125)
FN:1429,(anonymous_126)
FN:1440,(anonymous_127)
FN:1451,(anonymous_128)
FN:1462,(anonymous_129)
FN:1473,(anonymous_130)
FN:1484,(anonymous_131)
FN:1495,(anonymous_132)
FN:1506,(anonymous_133)
FN:1517,(anonymous_134)
FN:1528,(anonymous_135)
FN:1539,(anonymous_136)
FN:1550,(anonymous_137)
FN:1561,(anonymous_138)
FN:1572,(anonymous_139)
FN:1583,(anonymous_140)
FN:1594,(anonymous_141)
FN:1605,(anonymous_142)
FN:1616,(anonymous_143)
FN:1627,(anonymous_144)
FN:1638,(anonymous_145)
FN:1649,(anonymous_146)
FN:1661,(anonymous_147)
FN:1672,(anonymous_148)
FN:1683,(anonymous_149)
FN:1694,(anonymous_150)
FN:1705,(anonymous_151)
FN:1716,(anonymous_152)
FN:1727,(anonymous_153)
FN:1738,(anonymous_154)
FN:1749,(anonymous_155)
FN:1760,(anonymous_156)
FN:1771,(anonymous_157)
FN:1782,(anonymous_158)
FN:1793,(anonymous_159)
FN:1804,(anonymous_160)
FN:1815,(anonymous_161)
FN:1826,(anonymous_162)
FN:1837,(anonymous_163)
FN:1848,(anonymous_164)
FN:1859,(anonymous_165)
FN:1870,(anonymous_166)
FN:1881,(anonymous_167)
FN:1893,(anonymous_168)
FN:1905,(anonymous_169)
FN:1917,(anonymous_170)
FN:1928,(anonymous_171)
FN:1940,(anonymous_172)
FN:1951,(anonymous_173)
FN:1962,(anonymous_174)
FN:1973,(anonymous_175)
FN:1984,(anonymous_176)
FN:1995,(anonymous_177)
FN:2006,(anonymous_178)
FN:2018,(anonymous_179)
FN:2030,(anonymous_180)
FN:2041,(anonymous_181)
FN:2053,(anonymous_182)
FN:2064,(anonymous_183)
FN:2075,(anonymous_184)
FN:2086,(anonymous_185)
FN:2097,(anonymous_186)
FN:2109,(anonymous_187)
FN:2121,(anonymous_188)
FN:2133,(anonymous_189)
FN:2145,(anonymous_190)
FN:2157,(anonymous_191)
FN:2169,(anonymous_192)
FN:2181,(anonymous_193)
FN:2193,(anonymous_194)
FN:2205,(anonymous_195)
FN:2217,(anonymous_196)
FN:2229,(anonymous_197)
FN:2241,(anonymous_198)
FN:2253,(anonymous_199)
FN:2265,(anonymous_200)
FN:2277,(anonymous_201)
FN:2289,(anonymous_202)
FN:2301,(anonymous_203)
FN:2313,(anonymous_204)
FN:2325,(anonymous_205)
FN:2337,(anonymous_206)
FN:2349,(anonymous_207)
FN:2361,(anonymous_208)
FN:2373,(anonymous_209)
FN:2385,(anonymous_210)
FN:2397,(anonymous_211)
FN:2409,(anonymous_212)
FN:2421,(anonymous_213)
FN:2433,(anonymous_214)
FN:2445,(anonymous_215)
FN:2457,(anonymous_216)
FN:2469,(anonymous_217)
FN:2481,(anonymous_218)
FN:2493,(anonymous_219)
FN:2505,(anonymous_220)
FN:2517,(anonymous_221)
FN:2529,(anonymous_222)
FN:2541,(anonymous_223)
FN:2553,(anonymous_224)
FN:2565,(anonymous_225)
FN:2576,(anonymous_226)
FN:2588,(anonymous_227)
FN:2599,(anonymous_228)
FN:2610,(anonymous_229)
FN:2621,(anonymous_230)
FN:2632,(anonymous_231)
FN:2643,(anonymous_232)
FN:2655,(anonymous_233)
FN:2667,(anonymous_234)
FN:2678,(anonymous_235)
FN:2690,(anonymous_236)
FN:2701,(anonymous_237)
FN:2713,(anonymous_238)
FN:2725,(anonymous_239)
FN:2737,(anonymous_240)
FN:2749,(anonymous_241)
FN:2761,(anonymous_242)
FN:2773,(anonymous_243)
FN:2785,(anonymous_244)
FN:2797,(anonymous_245)
FN:2809,(anonymous_246)
FN:2821,(anonymous_247)
FN:2833,(anonymous_248)
FN:2845,(anonymous_249)
FN:2857,(anonymous_250)
FN:2869,(anonymous_251)
FN:2881,(anonymous_252)
FN:2893,(anonymous_253)
FN:2905,(anonymous_254)
FN:2917,(anonymous_255)
FN:2929,(anonymous_256)
FN:2941,(anonymous_257)
FNF:258
FNH:254
FNDA:1,(anonymous_0)
FNDA:581,__webpack_require__
FNDA:40,(anonymous_2)
FNDA:35,(anonymous_3)
FNDA:0,(anonymous_4)
FNDA:0,(anonymous_5)
FNDA:17,(anonymous_6)
FNDA:0,getDefault
FNDA:1,getModuleExports
FNDA:40,(anonymous_9)
FNDA:1,(anonymous_10)
FNDA:1,(anonymous_11)
FNDA:1,(anonymous_12)
FNDA:1,(anonymous_13)
FNDA:1,(anonymous_14)
FNDA:1,(anonymous_15)
FNDA:1,(anonymous_16)
FNDA:1,(anonymous_17)
FNDA:1,(anonymous_18)
FNDA:1,(anonymous_19)
FNDA:1,(anonymous_20)
FNDA:1,(anonymous_21)
FNDA:1,(anonymous_22)
FNDA:1,(anonymous_23)
FNDA:1,(anonymous_24)
FNDA:1,(anonymous_25)
FNDA:1,(anonymous_26)
FNDA:1,(anonymous_27)
FNDA:1,(anonymous_28)
FNDA:1,(anonymous_29)
FNDA:1,(anonymous_30)
FNDA:1,(anonymous_31)
FNDA:1,(anonymous_32)
FNDA:1,(anonymous_33)
FNDA:1,(anonymous_34)
FNDA:1,(anonymous_35)
FNDA:1,(anonymous_36)
FNDA:1,(anonymous_37)
FNDA:1,(anonymous_38)
FNDA:1,(anonymous_39)
FNDA:1,(anonymous_40)
FNDA:1,(anonymous_41)
FNDA:1,(anonymous_42)
FNDA:1,(anonymous_43)
FNDA:1,(anonymous_44)
FNDA:1,(anonymous_45)
FNDA:1,(anonymous_46)
FNDA:1,(anonymous_47)
FNDA:1,(anonymous_48)
FNDA:1,(anonymous_49)
FNDA:1,(anonymous_50)
FNDA:1,(anonymous_51)
FNDA:1,(anonymous_52)
FNDA:1,(anonymous_53)
FNDA:1,(anonymous_54)
FNDA:1,(anonymous_55)
FNDA:1,(anonymous_56)
FNDA:1,(anonymous_57)
FNDA:1,(anonymous_58)
FNDA:1,(anonymous_59)
FNDA:1,(anonymous_60)
FNDA:1,(anonymous_61)
FNDA:1,(anonymous_62)
FNDA:1,(anonymous_63)
FNDA:1,(anonymous_64)
FNDA:1,(anonymous_65)
FNDA:1,(anonymous_66)
FNDA:1,(anonymous_67)
FNDA:1,(anonymous_68)
FNDA:1,(anonymous_69)
FNDA:1,(anonymous_70)
FNDA:1,(anonymous_71)
FNDA:1,(anonymous_72)
FNDA:1,(anonymous_73)
FNDA:1,(anonymous_74)
FNDA:1,(anonymous_75)
FNDA:1,(anonymous_76)
FNDA:1,(anonymous_77)
FNDA:1,(anonymous_78)
FNDA:1,(anonymous_79)
FNDA:1,(anonymous_80)
FNDA:1,(anonymous_81)
FNDA:1,(anonymous_82)
FNDA:1,(anonymous_83)
FNDA:1,(anonymous_84)
FNDA:1,(anonymous_85)
FNDA:1,(anonymous_86)
FNDA:1,(anonymous_87)
FNDA:1,(anonymous_88)
FNDA:1,(anonymous_89)
FNDA:1,(anonymous_90)
FNDA:1,(anonymous_91)
FNDA:1,(anonymous_92)
FNDA:1,(anonymous_93)
FNDA:1,(anonymous_94)
FNDA:1,(anonymous_95)
FNDA:1,(anonymous_96)
FNDA:1,(anonymous_97)
FNDA:1,(anonymous_98)
FNDA:1,(anonymous_99)
FNDA:1,(anonymous_100)
FNDA:1,(anonymous_101)
FNDA:1,(anonymous_102)
FNDA:1,(anonymous_103)
FNDA:1,(anonymous_104)
FNDA:1,(anonymous_105)
FNDA:1,(anonymous_106)
FNDA:1,(anonymous_107)
FNDA:1,(anonymous_108)
FNDA:1,(anonymous_109)
FNDA:1,(anonymous_110)
FNDA:1,(anonymous_111)
FNDA:1,(anonymous_112)
FNDA:1,(anonymous_113)
FNDA:1,(anonymous_114)
FNDA:1,(anonymous_115)
FNDA:1,(anonymous_116)
FNDA:1,(anonymous_117)
FNDA:1,(anonymous_118)
FNDA:1,(anonymous_119)
FNDA:1,(anonymous_120)
FNDA:1,(anonymous_121)
FNDA:1,(anonymous_122)
FNDA:1,(anonymous_123)
FNDA:1,(anonymous_124)
FNDA:1,(anonymous_125)
FNDA:1,(anonymous_126)
FNDA:1,(anonymous_127)
FNDA:1,(anonymous_128)
FNDA:1,(anonymous_129)
FNDA:1,(anonymous_130)
FNDA:1,(anonymous_131)
FNDA:1,(anonymous_132)
FNDA:1,(anonymous_133)
FNDA:1,(anonymous_134)
FNDA:1,(anonymous_135)
FNDA:1,(anonymous_136)
FNDA:1,(anonymous_137)
FNDA:1,(anonymous_138)
FNDA:1,(anonymous_139)
FNDA:1,(anonymous_140)
FNDA:1,(anonymous_141)
FNDA:1,(anonymous_142)
FNDA:1,(anonymous_143)
FNDA:1,(anonymous_144)
FNDA:1,(anonymous_145)
FNDA:1,(anonymous_146)
FNDA:1,(anonymous_147)
FNDA:1,(anonymous_148)
FNDA:1,(anonymous_149)
FNDA:1,(anonymous_150)
FNDA:1,(anonymous_151)
FNDA:1,(anonymous_152)
FNDA:1,(anonymous_153)
FNDA:1,(anonymous_154)
FNDA:1,(anonymous_155)
FNDA:1,(anonymous_156)
FNDA:1,(anonymous_157)
FNDA:1,(anonymous_158)
FNDA:1,(anonymous_159)
FNDA:1,(anonymous_160)
FNDA:1,(anonymous_161)
FNDA:1,(anonymous_162)
FNDA:1,(anonymous_163)
FNDA:1,(anonymous_164)
FNDA:1,(anonymous_165)
FNDA:1,(anonymous_166)
FNDA:1,(anonymous_167)
FNDA:1,(anonymous_168)
FNDA:1,(anonymous_169)
FNDA:1,(anonymous_170)
FNDA:1,(anonymous_171)
FNDA:1,(anonymous_172)
FNDA:1,(anonymous_173)
FNDA:1,(anonymous_174)
FNDA:1,(anonymous_175)
FNDA:1,(anonymous_176)
FNDA:1,(anonymous_177)
FNDA:1,(anonymous_178)
FNDA:1,(anonymous_179)
FNDA:1,(anonymous_180)
FNDA:1,(anonymous_181)
FNDA:1,(anonymous_182)
FNDA:1,(anonymous_183)
FNDA:1,(anonymous_184)
FNDA:0,(anonymous_185)
FNDA:1,(anonymous_186)
FNDA:1,(anonymous_187)
FNDA:1,(anonymous_188)
FNDA:1,(anonymous_189)
FNDA:1,(anonymous_190)
FNDA:1,(anonymous_191)
FNDA:1,(anonymous_192)
FNDA:1,(anonymous_193)
FNDA:1,(anonymous_194)
FNDA:1,(anonymous_195)
FNDA:1,(anonymous_196)
FNDA:1,(anonymous_197)
FNDA:1,(anonymous_198)
FNDA:1,(anonymous_199)
FNDA:1,(anonymous_200)
FNDA:1,(anonymous_201)
FNDA:1,(anonymous_202)
FNDA:1,(anonymous_203)
FNDA:1,(anonymous_204)
FNDA:1,(anonymous_205)
FNDA:1,(anonymous_206)
FNDA:1,(anonymous_207)
FNDA:1,(anonymous_208)
FNDA:1,(anonymous_209)
FNDA:1,(anonymous_210)
FNDA:1,(anonymous_211)
FNDA:1,(anonymous_212)
FNDA:1,(anonymous_213)
FNDA:1,(anonymous_214)
FNDA:1,(anonymous_215)
FNDA:1,(anonymous_216)
FNDA:1,(anonymous_217)
FNDA:1,(anonymous_218)
FNDA:1,(anonymous_219)
FNDA:1,(anonymous_220)
FNDA:1,(anonymous_221)
FNDA:1,(anonymous_222)
FNDA:1,(anonymous_223)
FNDA:1,(anonymous_224)
FNDA:1,(anonymous_225)
FNDA:1,(anonymous_226)
FNDA:1,(anonymous_227)
FNDA:1,(anonymous_228)
FNDA:1,(anonymous_229)
FNDA:1,(anonymous_230)
FNDA:1,(anonymous_231)
FNDA:1,(anonymous_232)
FNDA:1,(anonymous_233)
FNDA:1,(anonymous_234)
FNDA:1,(anonymous_235)
FNDA:1,(anonymous_236)
FNDA:1,(anonymous_237)
FNDA:1,(anonymous_238)
FNDA:1,(anonymous_239)
FNDA:1,(anonymous_240)
FNDA:1,(anonymous_241)
FNDA:1,(anonymous_242)
FNDA:1,(anonymous_243)
FNDA:1,(anonymous_244)
FNDA:1,(anonymous_245)
FNDA:1,(anonymous_246)
FNDA:1,(anonymous_247)
FNDA:1,(anonymous_248)
FNDA:1,(anonymous_249)
FNDA:1,(anonymous_250)
FNDA:1,(anonymous_251)
FNDA:1,(anonymous_252)
FNDA:1,(anonymous_253)
FNDA:1,(anonymous_254)
FNDA:1,(anonymous_255)
FNDA:1,(anonymous_256)
FNDA:1,(anonymous_257)
DA:1,1
DA:3,1
DA:9,581
DA:10,334
DA:13,247
DA:20,247
DA:23,247
DA:26,247
DA:31,1
DA:34,1
DA:37,1
DA:38,40
DA:39,40
DA:44,1
DA:45,35
DA:46,35
DA:48,35
DA:56,1
DA:57,0
DA:58,0
DA:59,0
DA:60,0
DA:61,0
DA:62,0
DA:63,0
DA:64,0
DA:68,1
DA:69,17
DA:70,0
DA:71,1
DA:72,17
DA:73,17
DA:77,40
DA:80,1
DA:84,1
DA:97,1
DA:109,1
DA:121,1
DA:133,1
DA:145,1
DA:157,1
DA:169,1
DA:181,1
DA:193,1
DA:205,1
DA:217,1
DA:229,1
DA:241,1
DA:253,1
DA:265,1
DA:277,1
DA:289,1
DA:301,1
DA:312,1
DA:324,1
DA:336,1
DA:348,1
DA:360,1
DA:372,1
DA:384,1
DA:396,1
DA:408,1
DA:420,1
DA:432,1
DA:444,1
DA:456,1
DA:468,1
DA:480,1
DA:492,1
DA:504,1
DA:516,1
DA:528,1
DA:540,1
DA:552,1
DA:564,1
DA:576,1
DA:588,1
DA:600,1
DA:612,1
DA:624,1
DA:636,1
DA:648,1
DA:659,1
DA:671,1
DA:683,1
DA:695,1
DA:707,1
DA:719,1
DA:731,1
DA:743,1
DA:755,1
DA:767,1
DA:779,1
DA:790,1
DA:801,1
DA:812,1
DA:823,1
DA:834,1
DA:845,1
DA:856,1
DA:867,1
DA:878,1
DA:889,1
DA:900,1
DA:911,1
DA:922,1
DA:933,1
DA:944,1
DA:955,1
DA:966,1
DA:977,1
DA:988,1
DA:999,1
DA:1010,1
DA:1021,1
DA:1032,1
DA:1043,1
DA:1054,1
DA:1065,1
DA:1076,1
DA:1087,1
DA:1098,1
DA:1109,1
DA:1120,1
DA:1131,1
DA:1143,1
DA:1154,1
DA:1165,1
DA:1176,1
DA:1187,1
DA:1199,1
DA:1210,1
DA:1221,1
DA:1233,1
DA:1244,1
DA:1255,1
DA:1266,1
DA:1277,1
DA:1288,1
DA:1299,1
DA:1310,1
DA:1321,1
DA:1332,1
DA:1343,1
DA:1354,1
DA:1365,1
DA:1376,1
DA:1387,1
DA:1398,1
DA:1409,1
DA:1420,1
DA:1431,1
DA:1442,1
DA:1453,1
DA:1464,1
DA:1475,1
DA:1486,1
DA:1497,1
DA:1508,1
DA:1519,1
DA:1530,1
DA:1541,1
DA:1552,1
DA:1563,1
DA:1574,1
DA:1585,1
DA:1596,1
DA:1607,1
DA:1618,1
DA:1629,1
DA:1640,1
DA:1652,1
DA:1663,1
DA:1674,1
DA:1685,1
DA:1696,1
DA:1707,1
DA:1718,1
DA:1729,1
DA:1740,1
DA:1751,1
DA:1762,1
DA:1773,1
DA:1784,1
DA:1795,1
DA:1806,1
DA:1817,1
DA:1828,1
DA:1839,1
DA:1850,1
DA:1861,1
DA:1872,1
DA:1884,1
DA:1896,1
DA:1908,1
DA:1919,1
DA:1931,1
DA:1942,1
DA:1953,1
DA:1964,1
DA:1975,1
DA:1986,1
DA:1997,1
DA:2009,1
DA:2021,1
DA:2032,1
DA:2044,1
DA:2055,1
DA:2066,1
DA:2077,1
DA:2088,0
DA:2100,1
DA:2112,1
DA:2124,1
DA:2136,1
DA:2148,1
DA:2160,1
DA:2172,1
DA:2184,1
DA:2196,1
DA:2208,1
DA:2220,1
DA:2232,1
DA:2244,1
DA:2256,1
DA:2268,1
DA:2280,1
DA:2292,1
DA:2304,1
DA:2316,1
DA:2328,1
DA:2340,1
DA:2352,1
DA:2364,1
DA:2376,1
DA:2388,1
DA:2400,1
DA:2412,1
DA:2424,1
DA:2436,1
DA:2448,1
DA:2460,1
DA:2472,1
DA:2484,1
DA:2496,1
DA:2508,1
DA:2520,1
DA:2532,1
DA:2544,1
DA:2556,1
DA:2567,1
DA:2579,1
DA:2590,1
DA:2601,1
DA:2612,1
DA:2623,1
DA:2634,1
DA:2646,1
DA:2658,1
DA:2669,1
DA:2681,1
DA:2692,1
DA:2704,1
DA:2716,1
DA:2728,1
DA:2740,1
DA:2752,1
DA:2764,1
DA:2776,1
DA:2788,1
DA:2800,1
DA:2812,1
DA:2824,1
DA:2836,1
DA:2848,1
DA:2860,1
DA:2872,1
DA:2884,1
DA:2896,1
DA:2908,1
DA:2920,1
DA:2932,1
DA:2944,1
LF:283
LH:273
BRDA:9,0,0,334
BRDA:9,0,1,247
BRDA:38,1,0,40
BRDA:38,1,1,0
BRDA:45,2,0,35
BRDA:45,2,1,0
BRDA:45,3,0,35
BRDA:45,3,1,35
BRDA:57,4,0,0
BRDA:57,4,1,0
BRDA:58,5,0,0
BRDA:58,5,1,0
BRDA:59,6,0,0
BRDA:59,6,1,0
BRDA:59,7,0,0
BRDA:59,7,1,0
BRDA:59,7,2,0
BRDA:59,7,3,0
BRDA:63,8,0,0
BRDA:63,8,1,0
BRDA:63,9,0,0
BRDA:63,9,1,0
BRDA:69,10,0,1
BRDA:69,10,1,16
BRDA:69,11,0,17
BRDA:69,11,1,17
BRF:26
BRH:10
end_of_record
TN:
SF:tests\unit\toast.spec.js
FN:1,(anonymous_0)
FN:6,__webpack_require__
FN:37,(anonymous_2)
FN:44,(anonymous_3)
FN:56,(anonymous_4)
FN:63,(anonymous_5)
FN:68,(anonymous_6)
FN:70,getDefault
FN:71,getModuleExports
FN:77,(anonymous_9)
FN:94,(anonymous_10)
FN:106,(anonymous_11)
FN:118,(anonymous_12)
FN:130,(anonymous_13)
FN:142,(anonymous_14)
FN:154,(anonymous_15)
FN:166,(anonymous_16)
FN:178,(anonymous_17)
FN:190,(anonymous_18)
FN:202,(anonymous_19)
FN:214,(anonymous_20)
FN:226,(anonymous_21)
FN:238,(anonymous_22)
FN:250,(anonymous_23)
FN:262,(anonymous_24)
FN:274,(anonymous_25)
FN:286,(anonymous_26)
FN:298,(anonymous_27)
FN:310,(anonymous_28)
FN:322,(anonymous_29)
FN:333,(anonymous_30)
FN:345,(anonymous_31)
FN:357,(anonymous_32)
FN:369,(anonymous_33)
FN:381,(anonymous_34)
FN:393,(anonymous_35)
FN:405,(anonymous_36)
FN:417,(anonymous_37)
FN:429,(anonymous_38)
FN:441,(anonymous_39)
FN:453,(anonymous_40)
FN:465,(anonymous_41)
FN:477,(anonymous_42)
FN:489,(anonymous_43)
FN:501,(anonymous_44)
FN:513,(anonymous_45)
FN:525,(anonymous_46)
FN:537,(anonymous_47)
FN:549,(anonymous_48)
FN:561,(anonymous_49)
FN:573,(anonymous_50)
FN:585,(anonymous_51)
FN:597,(anonymous_52)
FN:609,(anonymous_53)
FN:621,(anonymous_54)
FN:633,(anonymous_55)
FN:645,(anonymous_56)
FN:657,(anonymous_57)
FN:669,(anonymous_58)
FN:680,(anonymous_59)
FN:692,(anonymous_60)
FN:704,(anonymous_61)
FN:715,(anonymous_62)
FN:726,(anonymous_63)
FN:737,(anonymous_64)
FN:748,(anonymous_65)
FN:759,(anonymous_66)
FN:770,(anonymous_67)
FN:781,(anonymous_68)
FN:792,(anonymous_69)
FN:803,(anonymous_70)
FN:814,(anonymous_71)
FN:825,(anonymous_72)
FN:836,(anonymous_73)
FN:847,(anonymous_74)
FN:858,(anonymous_75)
FN:869,(anonymous_76)
FN:880,(anonymous_77)
FN:891,(anonymous_78)
FN:902,(anonymous_79)
FN:913,(anonymous_80)
FN:924,(anonymous_81)
FN:935,(anonymous_82)
FN:946,(anonymous_83)
FN:957,(anonymous_84)
FN:968,(anonymous_85)
FN:979,(anonymous_86)
FN:990,(anonymous_87)
FN:1001,(anonymous_88)
FN:1012,(anonymous_89)
FN:1023,(anonymous_90)
FN:1034,(anonymous_91)
FN:1045,(anonymous_92)
FN:1056,(anonymous_93)
FN:1068,(anonymous_94)
FN:1079,(anonymous_95)
FN:1090,(anonymous_96)
FN:1101,(anonymous_97)
FN:1112,(anonymous_98)
FN:1123,(anonymous_99)
FN:1134,(anonymous_100)
FN:1145,(anonymous_101)
FN:1156,(anonymous_102)
FN:1167,(anonymous_103)
FN:1178,(anonymous_104)
FN:1189,(anonymous_105)
FN:1200,(anonymous_106)
FN:1211,(anonymous_107)
FN:1222,(anonymous_108)
FN:1233,(anonymous_109)
FN:1244,(anonymous_110)
FN:1255,(anonymous_111)
FN:1266,(anonymous_112)
FN:1277,(anonymous_113)
FN:1288,(anonymous_114)
FN:1299,(anonymous_115)
FN:1310,(anonymous_116)
FN:1321,(anonymous_117)
FN:1332,(anonymous_118)
FN:1343,(anonymous_119)
FN:1354,(anonymous_120)
FN:1365,(anonymous_121)
FN:1376,(anonymous_122)
FN:1387,(anonymous_123)
FN:1398,(anonymous_124)
FN:1409,(anonymous_125)
FN:1420,(anonymous_126)
FN:1431,(anonymous_127)
FN:1442,(anonymous_128)
FN:1453,(anonymous_129)
FN:1464,(anonymous_130)
FN:1475,(anonymous_131)
FN:1487,(anonymous_132)
FN:1498,(anonymous_133)
FN:1509,(anonymous_134)
FN:1520,(anonymous_135)
FN:1531,(anonymous_136)
FN:1542,(anonymous_137)
FN:1553,(anonymous_138)
FN:1564,(anonymous_139)
FN:1575,(anonymous_140)
FN:1586,(anonymous_141)
FN:1597,(anonymous_142)
FN:1608,(anonymous_143)
FN:1619,(anonymous_144)
FN:1630,(anonymous_145)
FN:1641,(anonymous_146)
FN:1652,(anonymous_147)
FN:1663,(anonymous_148)
FN:1674,(anonymous_149)
FN:1685,(anonymous_150)
FN:1696,(anonymous_151)
FN:1707,(anonymous_152)
FN:1719,(anonymous_153)
FN:1731,(anonymous_154)
FN:1743,(anonymous_155)
FN:1754,(anonymous_156)
FN:1766,(anonymous_157)
FN:1778,(anonymous_158)
FN:1789,(anonymous_159)
FN:1801,(anonymous_160)
FN:1812,(anonymous_161)
FN:1823,(anonymous_162)
FN:1834,(anonymous_163)
FN:1845,(anonymous_164)
FN:1857,(anonymous_165)
FN:1869,(anonymous_166)
FN:1881,(anonymous_167)
FN:1893,(anonymous_168)
FN:1905,(anonymous_169)
FN:1917,(anonymous_170)
FN:1929,(anonymous_171)
FN:1941,(anonymous_172)
FN:1953,(anonymous_173)
FN:1965,(anonymous_174)
FN:1977,(anonymous_175)
FN:1989,(anonymous_176)
FN:2001,(anonymous_177)
FN:2013,(anonymous_178)
FN:2025,(anonymous_179)
FN:2037,(anonymous_180)
FN:2049,(anonymous_181)
FN:2061,(anonymous_182)
FN:2073,(anonymous_183)
FN:2085,(anonymous_184)
FN:2097,(anonymous_185)
FN:2109,(anonymous_186)
FN:2121,(anonymous_187)
FN:2133,(anonymous_188)
FN:2145,(anonymous_189)
FN:2157,(anonymous_190)
FN:2169,(anonymous_191)
FN:2181,(anonymous_192)
FN:2193,(anonymous_193)
FN:2205,(anonymous_194)
FN:2217,(anonymous_195)
FN:2229,(anonymous_196)
FN:2241,(anonymous_197)
FN:2253,(anonymous_198)
FN:2265,(anonymous_199)
FN:2277,(anonymous_200)
FN:2289,(anonymous_201)
FN:2301,(anonymous_202)
FN:2313,(anonymous_203)
FN:2324,(anonymous_204)
FN:2336,(anonymous_205)
FN:2347,(anonymous_206)
FN:2359,(anonymous_207)
FN:2371,(anonymous_208)
FN:2382,(anonymous_209)
FN:2394,(anonymous_210)
FN:2405,(anonymous_211)
FN:2417,(anonymous_212)
FN:2429,(anonymous_213)
FN:2441,(anonymous_214)
FN:2453,(anonymous_215)
FNF:216
FNH:212
FNDA:1,(anonymous_0)
FNDA:509,__webpack_require__
FNDA:15,(anonymous_2)
FNDA:12,(anonymous_3)
FNDA:0,(anonymous_4)
FNDA:0,(anonymous_5)
FNDA:7,(anonymous_6)
FNDA:0,getDefault
FNDA:1,getModuleExports
FNDA:15,(anonymous_9)
FNDA:1,(anonymous_10)
FNDA:1,(anonymous_11)
FNDA:1,(anonymous_12)
FNDA:1,(anonymous_13)
FNDA:1,(anonymous_14)
FNDA:1,(anonymous_15)
FNDA:1,(anonymous_16)
FNDA:1,(anonymous_17)
FNDA:1,(anonymous_18)
FNDA:1,(anonymous_19)
FNDA:1,(anonymous_20)
FNDA:1,(anonymous_21)
FNDA:1,(anonymous_22)
FNDA:1,(anonymous_23)
FNDA:1,(anonymous_24)
FNDA:1,(anonymous_25)
FNDA:1,(anonymous_26)
FNDA:1,(anonymous_27)
FNDA:1,(anonymous_28)
FNDA:1,(anonymous_29)
FNDA:1,(anonymous_30)
FNDA:1,(anonymous_31)
FNDA:1,(anonymous_32)
FNDA:1,(anonymous_33)
FNDA:1,(anonymous_34)
FNDA:1,(anonymous_35)
FNDA:1,(anonymous_36)
FNDA:1,(anonymous_37)
FNDA:1,(anonymous_38)
FNDA:1,(anonymous_39)
FNDA:1,(anonymous_40)
FNDA:1,(anonymous_41)
FNDA:1,(anonymous_42)
FNDA:1,(anonymous_43)
FNDA:1,(anonymous_44)
FNDA:1,(anonymous_45)
FNDA:1,(anonymous_46)
FNDA:1,(anonymous_47)
FNDA:1,(anonymous_48)
FNDA:1,(anonymous_49)
FNDA:1,(anonymous_50)
FNDA:1,(anonymous_51)
FNDA:1,(anonymous_52)
FNDA:1,(anonymous_53)
FNDA:1,(anonymous_54)
FNDA:1,(anonymous_55)
FNDA:1,(anonymous_56)
FNDA:1,(anonymous_57)
FNDA:1,(anonymous_58)
FNDA:1,(anonymous_59)
FNDA:1,(anonymous_60)
FNDA:1,(anonymous_61)
FNDA:1,(anonymous_62)
FNDA:1,(anonymous_63)
FNDA:1,(anonymous_64)
FNDA:1,(anonymous_65)
FNDA:1,(anonymous_66)
FNDA:1,(anonymous_67)
FNDA:1,(anonymous_68)
FNDA:1,(anonymous_69)
FNDA:1,(anonymous_70)
FNDA:1,(anonymous_71)
FNDA:1,(anonymous_72)
FNDA:1,(anonymous_73)
FNDA:1,(anonymous_74)
FNDA:1,(anonymous_75)
FNDA:1,(anonymous_76)
FNDA:1,(anonymous_77)
FNDA:1,(anonymous_78)
FNDA:1,(anonymous_79)
FNDA:1,(anonymous_80)
FNDA:1,(anonymous_81)
FNDA:1,(anonymous_82)
FNDA:1,(anonymous_83)
FNDA:1,(anonymous_84)
FNDA:1,(anonymous_85)
FNDA:1,(anonymous_86)
FNDA:1,(anonymous_87)
FNDA:1,(anonymous_88)
FNDA:1,(anonymous_89)
FNDA:1,(anonymous_90)
FNDA:1,(anonymous_91)
FNDA:1,(anonymous_92)
FNDA:1,(anonymous_93)
FNDA:1,(anonymous_94)
FNDA:1,(anonymous_95)
FNDA:1,(anonymous_96)
FNDA:1,(anonymous_97)
FNDA:1,(anonymous_98)
FNDA:1,(anonymous_99)
FNDA:1,(anonymous_100)
FNDA:1,(anonymous_101)
FNDA:1,(anonymous_102)
FNDA:1,(anonymous_103)
FNDA:1,(anonymous_104)
FNDA:1,(anonymous_105)
FNDA:1,(anonymous_106)
FNDA:1,(anonymous_107)
FNDA:1,(anonymous_108)
FNDA:1,(anonymous_109)
FNDA:1,(anonymous_110)
FNDA:1,(anonymous_111)
FNDA:1,(anonymous_112)
FNDA:1,(anonymous_113)
FNDA:1,(anonymous_114)
FNDA:1,(anonymous_115)
FNDA:1,(anonymous_116)
FNDA:1,(anonymous_117)
FNDA:1,(anonymous_118)
FNDA:1,(anonymous_119)
FNDA:1,(anonymous_120)
FNDA:1,(anonymous_121)
FNDA:1,(anonymous_122)
FNDA:1,(anonymous_123)
FNDA:1,(anonymous_124)
FNDA:1,(anonymous_125)
FNDA:1,(anonymous_126)
FNDA:1,(anonymous_127)
FNDA:1,(anonymous_128)
FNDA:1,(anonymous_129)
FNDA:1,(anonymous_130)
FNDA:1,(anonymous_131)
FNDA:1,(anonymous_132)
FNDA:1,(anonymous_133)
FNDA:1,(anonymous_134)
FNDA:1,(anonymous_135)
FNDA:1,(anonymous_136)
FNDA:1,(anonymous_137)
FNDA:1,(anonymous_138)
FNDA:1,(anonymous_139)
FNDA:1,(anonymous_140)
FNDA:1,(anonymous_141)
FNDA:1,(anonymous_142)
FNDA:1,(anonymous_143)
FNDA:1,(anonymous_144)
FNDA:1,(anonymous_145)
FNDA:1,(anonymous_146)
FNDA:1,(anonymous_147)
FNDA:1,(anonymous_148)
FNDA:1,(anonymous_149)
FNDA:1,(anonymous_150)
FNDA:1,(anonymous_151)
FNDA:1,(anonymous_152)
FNDA:1,(anonymous_153)
FNDA:1,(anonymous_154)
FNDA:1,(anonymous_155)
FNDA:1,(anonymous_156)
FNDA:1,(anonymous_157)
FNDA:1,(anonymous_158)
FNDA:1,(anonymous_159)
FNDA:1,(anonymous_160)
FNDA:1,(anonymous_161)
FNDA:1,(anonymous_162)
FNDA:0,(anonymous_163)
FNDA:1,(anonymous_164)
FNDA:1,(anonymous_165)
FNDA:1,(anonymous_166)
FNDA:1,(anonymous_167)
FNDA:1,(anonymous_168)
FNDA:1,(anonymous_169)
FNDA:1,(anonymous_170)
FNDA:1,(anonymous_171)
FNDA:1,(anonymous_172)
FNDA:1,(anonymous_173)
FNDA:1,(anonymous_174)
FNDA:1,(anonymous_175)
FNDA:1,(anonymous_176)
FNDA:1,(anonymous_177)
FNDA:1,(anonymous_178)
FNDA:1,(anonymous_179)
FNDA:1,(anonymous_180)
FNDA:1,(anonymous_181)
FNDA:1,(anonymous_182)
FNDA:1,(anonymous_183)
FNDA:1,(anonymous_184)
FNDA:1,(anonymous_185)
FNDA:1,(anonymous_186)
FNDA:1,(anonymous_187)
FNDA:1,(anonymous_188)
FNDA:1,(anonymous_189)
FNDA:1,(anonymous_190)
FNDA:1,(anonymous_191)
FNDA:1,(anonymous_192)
FNDA:1,(anonymous_193)
FNDA:1,(anonymous_194)
FNDA:1,(anonymous_195)
FNDA:1,(anonymous_196)
FNDA:1,(anonymous_197)
FNDA:1,(anonymous_198)
FNDA:1,(anonymous_199)
FNDA:1,(anonymous_200)
FNDA:1,(anonymous_201)
FNDA:1,(anonymous_202)
FNDA:1,(anonymous_203)
FNDA:1,(anonymous_204)
FNDA:1,(anonymous_205)
FNDA:1,(anonymous_206)
FNDA:1,(anonymous_207)
FNDA:1,(anonymous_208)
FNDA:1,(anonymous_209)
FNDA:1,(anonymous_210)
FNDA:1,(anonymous_211)
FNDA:1,(anonymous_212)
FNDA:1,(anonymous_213)
FNDA:1,(anonymous_214)
FNDA:1,(anonymous_215)
DA:1,1
DA:3,1
DA:9,509
DA:10,304
DA:13,205
DA:20,205
DA:23,205
DA:26,205
DA:31,1
DA:34,1
DA:37,1
DA:38,15
DA:39,15
DA:44,1
DA:45,12
DA:46,12
DA:48,12
DA:56,1
DA:57,0
DA:58,0
DA:59,0
DA:60,0
DA:61,0
DA:62,0
DA:63,0
DA:64,0
DA:68,1
DA:69,7
DA:70,0
DA:71,1
DA:72,7
DA:73,7
DA:77,15
DA:80,1
DA:84,1
DA:97,1
DA:109,1
DA:121,1
DA:133,1
DA:145,1
DA:157,1
DA:169,1
DA:181,1
DA:193,1
DA:205,1
DA:217,1
DA:229,1
DA:241,1
DA:253,1
DA:265,1
DA:277,1
DA:289,1
DA:301,1
DA:313,1
DA:324,1
DA:336,1
DA:348,1
DA:360,1
DA:372,1
DA:384,1
DA:396,1
DA:408,1
DA:420,1
DA:432,1
DA:444,1
DA:456,1
DA:468,1
DA:480,1
DA:492,1
DA:504,1
DA:516,1
DA:528,1
DA:540,1
DA:552,1
DA:564,1
DA:576,1
DA:588,1
DA:600,1
DA:612,1
DA:624,1
DA:636,1
DA:648,1
DA:660,1
DA:671,1
DA:683,1
DA:695,1
DA:706,1
DA:717,1
DA:728,1
DA:739,1
DA:750,1
DA:761,1
DA:772,1
DA:783,1
DA:794,1
DA:805,1
DA:816,1
DA:827,1
DA:838,1
DA:849,1
DA:860,1
DA:871,1
DA:882,1
DA:893,1
DA:904,1
DA:915,1
DA:926,1
DA:937,1
DA:948,1
DA:959,1
DA:970,1
DA:981,1
DA:992,1
DA:1003,1
DA:1014,1
DA:1025,1
DA:1036,1
DA:1047,1
DA:1059,1
DA:1070,1
DA:1081,1
DA:1092,1
DA:1103,1
DA:1114,1
DA:1125,1
DA:1136,1
DA:1147,1
DA:1158,1
DA:1169,1
DA:1180,1
DA:1191,1
DA:1202,1
DA:1213,1
DA:1224,1
DA:1235,1
DA:1246,1
DA:1257,1
DA:1268,1
DA:1279,1
DA:1290,1
DA:1301,1
DA:1312,1
DA:1323,1
DA:1334,1
DA:1345,1
DA:1356,1
DA:1367,1
DA:1378,1
DA:1389,1
DA:1400,1
DA:1411,1
DA:1422,1
DA:1433,1
DA:1444,1
DA:1455,1
DA:1466,1
DA:1478,1
DA:1489,1
DA:1500,1
DA:1511,1
DA:1522,1
DA:1533,1
DA:1544,1
DA:1555,1
DA:1566,1
DA:1577,1
DA:1588,1
DA:1599,1
DA:1610,1
DA:1621,1
DA:1632,1
DA:1643,1
DA:1654,1
DA:1665,1
DA:1676,1
DA:1687,1
DA:1698,1
DA:1710,1
DA:1722,1
DA:1734,1
DA:1745,1
DA:1757,1
DA:1769,1
DA:1780,1
DA:1792,1
DA:1803,1
DA:1814,1
DA:1825,1
DA:1836,0
DA:1848,1
DA:1860,1
DA:1872,1
DA:1884,1
DA:1896,1
DA:1908,1
DA:1920,1
DA:1932,1
DA:1944,1
DA:1956,1
DA:1968,1
DA:1980,1
DA:1992,1
DA:2004,1
DA:2016,1
DA:2028,1
DA:2040,1
DA:2052,1
DA:2064,1
DA:2076,1
DA:2088,1
DA:2100,1
DA:2112,1
DA:2124,1
DA:2136,1
DA:2148,1
DA:2160,1
DA:2172,1
DA:2184,1
DA:2196,1
DA:2208,1
DA:2220,1
DA:2232,1
DA:2244,1
DA:2256,1
DA:2268,1
DA:2280,1
DA:2292,1
DA:2304,1
DA:2315,1
DA:2327,1
DA:2338,1
DA:2350,1
DA:2362,1
DA:2373,1
DA:2385,1
DA:2396,1
DA:2408,1
DA:2420,1
DA:2432,1
DA:2444,1
DA:2456,1
LF:241
LH:231
BRDA:9,0,0,304
BRDA:9,0,1,205
BRDA:38,1,0,15
BRDA:38,1,1,0
BRDA:45,2,0,12
BRDA:45,2,1,0
BRDA:45,3,0,12
BRDA:45,3,1,12
BRDA:57,4,0,0
BRDA:57,4,1,0
BRDA:58,5,0,0
BRDA:58,5,1,0
BRDA:59,6,0,0
BRDA:59,6,1,0
BRDA:59,7,0,0
BRDA:59,7,1,0
BRDA:59,7,2,0
BRDA:59,7,3,0
BRDA:63,8,0,0
BRDA:63,8,1,0
BRDA:63,9,0,0
BRDA:63,9,1,0
BRDA:69,10,0,1
BRDA:69,10,1,6
BRDA:69,11,0,7
BRDA:69,11,1,7
BRF:26
BRH:10
end_of_record
